[2025-06-18T11:35:57.499+0900] {local_task_job_runner.py:123} INFO - ::group::Pre task execution logs
[2025-06-18T11:35:57.522+0900] {taskinstance.py:2614} INFO - Dependencies all met for dep_context=non-requeueable deps ti=<TaskInstance: image_preprocess_v1.img_preprocess_task manual__2025-06-18T02:35:51.834941+00:00 map_index=1 [queued]>
[2025-06-18T11:35:57.534+0900] {taskinstance.py:2614} INFO - Dependencies all met for dep_context=requeueable deps ti=<TaskInstance: image_preprocess_v1.img_preprocess_task manual__2025-06-18T02:35:51.834941+00:00 map_index=1 [queued]>
[2025-06-18T11:35:57.535+0900] {taskinstance.py:2867} INFO - Starting attempt 1 of 1
[2025-06-18T11:35:57.550+0900] {taskinstance.py:2890} INFO - Executing <Mapped(_PythonDecoratedOperator): img_preprocess_task> on 2025-06-18 02:35:51.834941+00:00
[2025-06-18T11:35:57.559+0900] {warnings.py:112} WARNING - /home/***/.local/lib/python3.12/site-packages/***/task/task_runner/standard_task_runner.py:70: DeprecationWarning: This process (pid=24195) is multi-threaded, use of fork() may lead to deadlocks in the child.
  pid = os.fork()

[2025-06-18T11:35:57.560+0900] {standard_task_runner.py:72} INFO - Started process 24241 to run task
[2025-06-18T11:35:57.561+0900] {standard_task_runner.py:104} INFO - Running: ['***', 'tasks', 'run', 'image_preprocess_v1', 'img_preprocess_task', 'manual__2025-06-18T02:35:51.834941+00:00', '--job-id', '987', '--raw', '--subdir', 'DAGS_FOLDER/test_dag.py', '--cfg-path', '/tmp/tmp8k6s55tp', '--map-index', '1']
[2025-06-18T11:35:57.564+0900] {standard_task_runner.py:105} INFO - Job 987: Subtask img_preprocess_task
[2025-06-18T11:35:57.610+0900] {task_command.py:467} INFO - Running <TaskInstance: image_preprocess_v1.img_preprocess_task manual__2025-06-18T02:35:51.834941+00:00 map_index=1 [running]> on host f6d4228a9eb8
[2025-06-18T11:35:57.696+0900] {taskinstance.py:3134} INFO - Exporting env vars: AIRFLOW_CTX_DAG_OWNER='***' AIRFLOW_CTX_DAG_ID='image_preprocess_v1' AIRFLOW_CTX_TASK_ID='img_preprocess_task' AIRFLOW_CTX_EXECUTION_DATE='2025-06-18T02:35:51.834941+00:00' AIRFLOW_CTX_TRY_NUMBER='1' AIRFLOW_CTX_DAG_RUN_ID='manual__2025-06-18T02:35:51.834941+00:00'
[2025-06-18T11:35:57.699+0900] {taskinstance.py:732} INFO - ::endgroup::
[2025-06-18T11:35:57.703+0900] {logging_mixin.py:190} INFO - empty map check {} {'process_id': '_4d7fede4-3d2a-4e65-8ce7-bf27df69c75e_pre', 'folder_path': '3ebb91a4-03cf-42bf-87a1-1688bd97de95/4d7fede4-3d2a-4e65-8ce7-bf27df69c75e', 'step_list': [{'name': 'calc_angle_set2', 'param': {'key': 'angle1', 'iterations': 4, 'iter_save': True}}, {'name': 'text_orientation_set', 'param': {'key': 'angle2', 'iterations': 4, 'iter_save': True}}, {'name': 'line_tracking', 'param': {'iter_save': True}}, {'name': 'save', 'param': {'key': 'classify_preprocess'}}], 'result_file_list': []}
[2025-06-18T11:35:57.703+0900] {logging_mixin.py:190} INFO - step : calc_angle_set2
[2025-06-18T11:36:06.471+0900] {logging_mixin.py:190} INFO - osd 1 0.0 0.0 20 74748 [0, 0, 0, 0, 0, 0, 0, 0, 0, 0, 0, 0, 0, 0, 0, 0, 0, 223, 12320, 42664, 74748, 43644, 10201, 1061, 0, 0, 0, 0, 0, 0, 0, 0, 0, 0, 0, 0, 0, 0, 0, 0, 0]
[2025-06-18T11:36:15.637+0900] {logging_mixin.py:190} INFO - osd 2 0.0 0.0 20 74748 [0, 0, 0, 0, 0, 0, 0, 0, 0, 0, 0, 0, 0, 0, 0, 0, 0, 223, 12320, 42664, 74748, 43644, 10201, 1061, 0, 0, 0, 0, 0, 0, 0, 0, 0, 0, 0, 0, 0, 0, 0, 0, 0]
[2025-06-18T11:36:24.853+0900] {logging_mixin.py:190} INFO - osd 3 0.0 0.0 20 74748 [0, 0, 0, 0, 0, 0, 0, 0, 0, 0, 0, 0, 0, 0, 0, 0, 0, 223, 12320, 42664, 74748, 43644, 10201, 1061, 0, 0, 0, 0, 0, 0, 0, 0, 0, 0, 0, 0, 0, 0, 0, 0, 0]
[2025-06-18T11:36:34.044+0900] {logging_mixin.py:190} INFO - osd 4 0.0 0.0 20 74748 [0, 0, 0, 0, 0, 0, 0, 0, 0, 0, 0, 0, 0, 0, 0, 0, 0, 223, 12320, 42664, 74748, 43644, 10201, 1061, 0, 0, 0, 0, 0, 0, 0, 0, 0, 0, 0, 0, 0, 0, 0, 0, 0]
[2025-06-18T11:36:34.127+0900] {logging_mixin.py:190} INFO - step : text_orientation_set
[2025-06-18T11:36:40.240+0900] {logging_mixin.py:190} INFO - file_copy: /opt/***/data/temp/3ebb91a4-03cf-42bf-87a1-1688bd97de95/4d7fede4-3d2a-4e65-8ce7-bf27df69c75e/rotate2_1.png
[2025-06-18T11:36:42.656+0900] {logging_mixin.py:190} INFO - osd 1 270 270 5.35 Latin 1.73
[2025-06-18T11:36:47.423+0900] {logging_mixin.py:190} INFO - file_copy: /opt/***/data/temp/3ebb91a4-03cf-42bf-87a1-1688bd97de95/4d7fede4-3d2a-4e65-8ce7-bf27df69c75e/rotate2_2.png
[2025-06-18T11:36:50.062+0900] {logging_mixin.py:190} INFO - osd 2 450 180 3.32 Cyrillic 2.35
[2025-06-18T11:36:54.748+0900] {logging_mixin.py:190} INFO - file_copy: /opt/***/data/temp/3ebb91a4-03cf-42bf-87a1-1688bd97de95/4d7fede4-3d2a-4e65-8ce7-bf27df69c75e/rotate2_3.png
[2025-06-18T11:36:56.076+0900] {logging_mixin.py:190} INFO - osd 3 break  450 0 2.85 Latin 4.24
[2025-06-18T11:36:56.077+0900] {logging_mixin.py:190} INFO - step : line_tracking
[2025-06-18T11:36:56.103+0900] {logging_mixin.py:190} INFO - file_copy: /opt/***/data/temp/3ebb91a4-03cf-42bf-87a1-1688bd97de95/4d7fede4-3d2a-4e65-8ce7-bf27df69c75e/line_binary.png
[2025-06-18T11:36:56.276+0900] {logging_mixin.py:190} INFO - file_copy: /opt/***/data/temp/3ebb91a4-03cf-42bf-87a1-1688bd97de95/4d7fede4-3d2a-4e65-8ce7-bf27df69c75e/detected_lines.png
[2025-06-18T11:36:56.283+0900] {logging_mixin.py:190} INFO - step : save
[2025-06-18T11:36:56.284+0900] {taskinstance.py:3313} ERROR - Task failed with exception
Traceback (most recent call last):
  File "/home/airflow/.local/lib/python3.12/site-packages/airflow/models/taskinstance.py", line 768, in _execute_task
    result = _execute_callable(context=context, **execute_callable_kwargs)
             ^^^^^^^^^^^^^^^^^^^^^^^^^^^^^^^^^^^^^^^^^^^^^^^^^^^^^^^^^^^^^
  File "/home/airflow/.local/lib/python3.12/site-packages/airflow/models/taskinstance.py", line 734, in _execute_callable
    return ExecutionCallableRunner(
           ^^^^^^^^^^^^^^^^^^^^^^^^
  File "/home/airflow/.local/lib/python3.12/site-packages/airflow/utils/operator_helpers.py", line 252, in run
    return self.func(*args, **kwargs)
           ^^^^^^^^^^^^^^^^^^^^^^^^^^
  File "/home/airflow/.local/lib/python3.12/site-packages/airflow/models/baseoperator.py", line 424, in wrapper
    return func(self, *args, **kwargs)
           ^^^^^^^^^^^^^^^^^^^^^^^^^^^
  File "/home/airflow/.local/lib/python3.12/site-packages/airflow/decorators/base.py", line 266, in execute
    return_value = super().execute(context)
                   ^^^^^^^^^^^^^^^^^^^^^^^^
  File "/home/airflow/.local/lib/python3.12/site-packages/airflow/models/baseoperator.py", line 424, in wrapper
    return func(self, *args, **kwargs)
           ^^^^^^^^^^^^^^^^^^^^^^^^^^^
  File "/home/airflow/.local/lib/python3.12/site-packages/airflow/operators/python.py", line 238, in execute
    return_value = self.execute_callable()
                   ^^^^^^^^^^^^^^^^^^^^^^^
  File "/home/airflow/.local/lib/python3.12/site-packages/airflow/operators/python.py", line 256, in execute_callable
    return runner.run(*self.op_args, **self.op_kwargs)
           ^^^^^^^^^^^^^^^^^^^^^^^^^^^^^^^^^^^^^^^^^^^
  File "/home/airflow/.local/lib/python3.12/site-packages/airflow/utils/operator_helpers.py", line 252, in run
    return self.func(*args, **kwargs)
           ^^^^^^^^^^^^^^^^^^^^^^^^^^
  File "/opt/airflow/dags/tasks/img_preprocess_task.py", line 63, in img_preprocess_task
    input = type_convert_util.convert_type(output,before_output_type,function_info["input_type"],params=convert_param)
            ^^^^^^^^^^^^^^^^^^^^^^^^^^^^^^^^^^^^^^^^^^^^^^^^^^^^^^^^^^^^^^^^^^^^^^^^^^^^^^^^^^^^^^^^^^^^^^^^^^^^^^^^^^
  File "/opt/airflow/dags/utils/type_convert_util.py", line 24, in convert_type
    return _call_with_compatible_args(func_info, data, params)
           ^^^^^^^^^^^^^^^^^^^^^^^^^^^^^^^^^^^^^^^^^^^^^^^^^^^
  File "/opt/airflow/dags/utils/type_convert_util.py", line 193, in _call_with_compatible_args
    return f(data, **call_args)
           ^^^^^^^^^^^^^^^^^^^^
  File "/opt/airflow/dags/utils/type_convert_util.py", line 101, in np_gray_to_file
    return _np_to_file(_img, file_path)
           ^^^^^^^^^^^^^^^^^^^^^^^^^^^^
  File "/opt/airflow/dags/utils/type_convert_util.py", line 154, in _np_to_file
    status = cv2.imwrite(file_path, _img)
             ^^^^^^^^^^^^^^^^^^^^^^^^^^^^
cv2.error: OpenCV(4.11.0) /io/opencv/modules/imgcodecs/src/loadsave.cpp:929: error: (-215:Assertion failed) !_img.empty() in function 'imwrite'

[2025-06-18T11:36:56.293+0900] {taskinstance.py:1226} INFO - Marking task as FAILED. dag_id=image_preprocess_v1, task_id=img_preprocess_task, run_id=manual__2025-06-18T02:35:51.834941+00:00, map_index=1, execution_date=20250618T023551, start_date=20250618T023557, end_date=20250618T023656
[2025-06-18T11:36:56.317+0900] {taskinstance.py:341} INFO - ::group::Post task execution logs
[2025-06-18T11:36:56.317+0900] {standard_task_runner.py:124} ERROR - Failed to execute job 987 for task img_preprocess_task (OpenCV(4.11.0) /io/opencv/modules/imgcodecs/src/loadsave.cpp:929: error: (-215:Assertion failed) !_img.empty() in function 'imwrite'
; 24241)
Traceback (most recent call last):
  File "/home/airflow/.local/lib/python3.12/site-packages/airflow/task/task_runner/standard_task_runner.py", line 117, in _start_by_fork
    ret = args.func(args, dag=self.dag)
          ^^^^^^^^^^^^^^^^^^^^^^^^^^^^^
  File "/home/airflow/.local/lib/python3.12/site-packages/airflow/cli/cli_config.py", line 49, in command
    return func(*args, **kwargs)
           ^^^^^^^^^^^^^^^^^^^^^
  File "/home/airflow/.local/lib/python3.12/site-packages/airflow/utils/cli.py", line 116, in wrapper
    return f(*args, **kwargs)
           ^^^^^^^^^^^^^^^^^^
  File "/home/airflow/.local/lib/python3.12/site-packages/airflow/cli/commands/task_command.py", line 483, in task_run
    task_return_code = _run_task_by_selected_method(args, _dag, ti)
                       ^^^^^^^^^^^^^^^^^^^^^^^^^^^^^^^^^^^^^^^^^^^^
  File "/home/airflow/.local/lib/python3.12/site-packages/airflow/cli/commands/task_command.py", line 256, in _run_task_by_selected_method
    return _run_raw_task(args, ti)
           ^^^^^^^^^^^^^^^^^^^^^^^
  File "/home/airflow/.local/lib/python3.12/site-packages/airflow/cli/commands/task_command.py", line 341, in _run_raw_task
    return ti._run_raw_task(
           ^^^^^^^^^^^^^^^^^
  File "/home/airflow/.local/lib/python3.12/site-packages/airflow/utils/session.py", line 97, in wrapper
    return func(*args, session=session, **kwargs)
           ^^^^^^^^^^^^^^^^^^^^^^^^^^^^^^^^^^^^^^
  File "/home/airflow/.local/lib/python3.12/site-packages/airflow/models/taskinstance.py", line 3006, in _run_raw_task
    return _run_raw_task(
           ^^^^^^^^^^^^^^
  File "/home/airflow/.local/lib/python3.12/site-packages/airflow/models/taskinstance.py", line 274, in _run_raw_task
    TaskInstance._execute_task_with_callbacks(
  File "/home/airflow/.local/lib/python3.12/site-packages/airflow/models/taskinstance.py", line 3161, in _execute_task_with_callbacks
    result = self._execute_task(context, task_orig)
             ^^^^^^^^^^^^^^^^^^^^^^^^^^^^^^^^^^^^^^
  File "/home/airflow/.local/lib/python3.12/site-packages/airflow/models/taskinstance.py", line 3185, in _execute_task
    return _execute_task(self, context, task_orig)
           ^^^^^^^^^^^^^^^^^^^^^^^^^^^^^^^^^^^^^^^
  File "/home/airflow/.local/lib/python3.12/site-packages/airflow/models/taskinstance.py", line 768, in _execute_task
    result = _execute_callable(context=context, **execute_callable_kwargs)
             ^^^^^^^^^^^^^^^^^^^^^^^^^^^^^^^^^^^^^^^^^^^^^^^^^^^^^^^^^^^^^
  File "/home/airflow/.local/lib/python3.12/site-packages/airflow/models/taskinstance.py", line 734, in _execute_callable
    return ExecutionCallableRunner(
           ^^^^^^^^^^^^^^^^^^^^^^^^
  File "/home/airflow/.local/lib/python3.12/site-packages/airflow/utils/operator_helpers.py", line 252, in run
    return self.func(*args, **kwargs)
           ^^^^^^^^^^^^^^^^^^^^^^^^^^
  File "/home/airflow/.local/lib/python3.12/site-packages/airflow/models/baseoperator.py", line 424, in wrapper
    return func(self, *args, **kwargs)
           ^^^^^^^^^^^^^^^^^^^^^^^^^^^
  File "/home/airflow/.local/lib/python3.12/site-packages/airflow/decorators/base.py", line 266, in execute
    return_value = super().execute(context)
                   ^^^^^^^^^^^^^^^^^^^^^^^^
  File "/home/airflow/.local/lib/python3.12/site-packages/airflow/models/baseoperator.py", line 424, in wrapper
    return func(self, *args, **kwargs)
           ^^^^^^^^^^^^^^^^^^^^^^^^^^^
  File "/home/airflow/.local/lib/python3.12/site-packages/airflow/operators/python.py", line 238, in execute
    return_value = self.execute_callable()
                   ^^^^^^^^^^^^^^^^^^^^^^^
  File "/home/airflow/.local/lib/python3.12/site-packages/airflow/operators/python.py", line 256, in execute_callable
    return runner.run(*self.op_args, **self.op_kwargs)
           ^^^^^^^^^^^^^^^^^^^^^^^^^^^^^^^^^^^^^^^^^^^
  File "/home/airflow/.local/lib/python3.12/site-packages/airflow/utils/operator_helpers.py", line 252, in run
    return self.func(*args, **kwargs)
           ^^^^^^^^^^^^^^^^^^^^^^^^^^
  File "/opt/airflow/dags/tasks/img_preprocess_task.py", line 63, in img_preprocess_task
    input = type_convert_util.convert_type(output,before_output_type,function_info["input_type"],params=convert_param)
            ^^^^^^^^^^^^^^^^^^^^^^^^^^^^^^^^^^^^^^^^^^^^^^^^^^^^^^^^^^^^^^^^^^^^^^^^^^^^^^^^^^^^^^^^^^^^^^^^^^^^^^^^^^
  File "/opt/airflow/dags/utils/type_convert_util.py", line 24, in convert_type
    return _call_with_compatible_args(func_info, data, params)
           ^^^^^^^^^^^^^^^^^^^^^^^^^^^^^^^^^^^^^^^^^^^^^^^^^^^
  File "/opt/airflow/dags/utils/type_convert_util.py", line 193, in _call_with_compatible_args
    return f(data, **call_args)
           ^^^^^^^^^^^^^^^^^^^^
  File "/opt/airflow/dags/utils/type_convert_util.py", line 101, in np_gray_to_file
    return _np_to_file(_img, file_path)
           ^^^^^^^^^^^^^^^^^^^^^^^^^^^^
  File "/opt/airflow/dags/utils/type_convert_util.py", line 154, in _np_to_file
    status = cv2.imwrite(file_path, _img)
             ^^^^^^^^^^^^^^^^^^^^^^^^^^^^
cv2.error: OpenCV(4.11.0) /io/opencv/modules/imgcodecs/src/loadsave.cpp:929: error: (-215:Assertion failed) !_img.empty() in function 'imwrite'

[2025-06-18T11:36:56.349+0900] {local_task_job_runner.py:266} INFO - Task exited with return code 1
[2025-06-18T11:36:56.377+0900] {taskinstance.py:3901} INFO - 0 downstream tasks scheduled from follow-on schedule check
[2025-06-18T11:36:56.383+0900] {local_task_job_runner.py:245} INFO - ::endgroup::
