[2025-06-18T11:26:42.524+0900] {local_task_job_runner.py:123} INFO - ::group::Pre task execution logs
[2025-06-18T11:26:42.546+0900] {taskinstance.py:2614} INFO - Dependencies all met for dep_context=non-requeueable deps ti=<TaskInstance: image_preprocess_v1.img_preprocess_task manual__2025-06-18T02:26:34.821358+00:00 map_index=3 [queued]>
[2025-06-18T11:26:42.557+0900] {taskinstance.py:2614} INFO - Dependencies all met for dep_context=requeueable deps ti=<TaskInstance: image_preprocess_v1.img_preprocess_task manual__2025-06-18T02:26:34.821358+00:00 map_index=3 [queued]>
[2025-06-18T11:26:42.558+0900] {taskinstance.py:2867} INFO - Starting attempt 1 of 1
[2025-06-18T11:26:42.599+0900] {taskinstance.py:2890} INFO - Executing <Mapped(_PythonDecoratedOperator): img_preprocess_task> on 2025-06-18 02:26:34.821358+00:00
[2025-06-18T11:26:42.606+0900] {warnings.py:112} WARNING - /home/***/.local/lib/python3.12/site-packages/***/task/task_runner/standard_task_runner.py:70: DeprecationWarning: This process (pid=23951) is multi-threaded, use of fork() may lead to deadlocks in the child.
  pid = os.fork()

[2025-06-18T11:26:42.608+0900] {standard_task_runner.py:72} INFO - Started process 23999 to run task
[2025-06-18T11:26:42.608+0900] {standard_task_runner.py:104} INFO - Running: ['***', 'tasks', 'run', 'image_preprocess_v1', 'img_preprocess_task', 'manual__2025-06-18T02:26:34.821358+00:00', '--job-id', '981', '--raw', '--subdir', 'DAGS_FOLDER/test_dag.py', '--cfg-path', '/tmp/tmpw8oqq8ep', '--map-index', '3']
[2025-06-18T11:26:42.614+0900] {standard_task_runner.py:105} INFO - Job 981: Subtask img_preprocess_task
[2025-06-18T11:26:42.773+0900] {task_command.py:467} INFO - Running <TaskInstance: image_preprocess_v1.img_preprocess_task manual__2025-06-18T02:26:34.821358+00:00 map_index=3 [running]> on host f6d4228a9eb8
[2025-06-18T11:26:43.168+0900] {taskinstance.py:3134} INFO - Exporting env vars: AIRFLOW_CTX_DAG_OWNER='***' AIRFLOW_CTX_DAG_ID='image_preprocess_v1' AIRFLOW_CTX_TASK_ID='img_preprocess_task' AIRFLOW_CTX_EXECUTION_DATE='2025-06-18T02:26:34.821358+00:00' AIRFLOW_CTX_TRY_NUMBER='1' AIRFLOW_CTX_DAG_RUN_ID='manual__2025-06-18T02:26:34.821358+00:00'
[2025-06-18T11:26:43.179+0900] {taskinstance.py:732} INFO - ::endgroup::
[2025-06-18T11:26:43.186+0900] {logging_mixin.py:190} INFO - empty map check {} {'process_id': '_3b2d0d62-e901-4a5e-8b79-31a24305aa50_pre', 'folder_path': 'bae7249a-979e-41ff-bad8-7b484b911e12/3b2d0d62-e901-4a5e-8b79-31a24305aa50', 'step_list': [{'name': 'calc_angle_set2', 'param': {'key': 'angle1', 'iterations': 4, 'iter_save': True}}, {'name': 'text_orientation_set', 'param': {'key': 'angle2', 'iterations': 4, 'iter_save': True}}, {'name': 'line_tracking', 'param': {'iter_save': True}}, {'name': 'save', 'param': {'key': 'classify_preprocess'}}], 'result_file_list': []}
[2025-06-18T11:26:43.186+0900] {logging_mixin.py:190} INFO - step : calc_angle_set2
[2025-06-18T11:26:52.305+0900] {logging_mixin.py:190} INFO - osd 1 0.0 0.0 20 53318 [0, 0, 0, 0, 0, 0, 0, 0, 0, 0, 0, 0, 0, 0, 0, 0, 0, 0, 2297, 26700, 53318, 43904, 16956, 2232, 11, 0, 0, 0, 0, 0, 0, 0, 0, 0, 0, 0, 0, 0, 0, 0, 0]
[2025-06-18T11:27:01.697+0900] {logging_mixin.py:190} INFO - osd 2 0.0 0.0 20 53318 [0, 0, 0, 0, 0, 0, 0, 0, 0, 0, 0, 0, 0, 0, 0, 0, 0, 0, 2297, 26700, 53318, 43904, 16956, 2232, 11, 0, 0, 0, 0, 0, 0, 0, 0, 0, 0, 0, 0, 0, 0, 0, 0]
[2025-06-18T11:27:11.053+0900] {logging_mixin.py:190} INFO - osd 3 0.0 0.0 20 53318 [0, 0, 0, 0, 0, 0, 0, 0, 0, 0, 0, 0, 0, 0, 0, 0, 0, 0, 2297, 26700, 53318, 43904, 16956, 2232, 11, 0, 0, 0, 0, 0, 0, 0, 0, 0, 0, 0, 0, 0, 0, 0, 0]
[2025-06-18T11:27:21.109+0900] {logging_mixin.py:190} INFO - osd 4 0.0 0.0 20 53318 [0, 0, 0, 0, 0, 0, 0, 0, 0, 0, 0, 0, 0, 0, 0, 0, 0, 0, 2297, 26700, 53318, 43904, 16956, 2232, 11, 0, 0, 0, 0, 0, 0, 0, 0, 0, 0, 0, 0, 0, 0, 0, 0]
[2025-06-18T11:27:21.178+0900] {logging_mixin.py:190} INFO - step : text_orientation_set
[2025-06-18T11:27:27.206+0900] {logging_mixin.py:190} INFO - file_copy: /opt/***/data/temp/bae7249a-979e-41ff-bad8-7b484b911e12/3b2d0d62-e901-4a5e-8b79-31a24305aa50/rotate2_1.png
[2025-06-18T11:27:29.254+0900] {logging_mixin.py:190} INFO - osd 1 90 90 6.33 Latin 0.52
[2025-06-18T11:27:34.014+0900] {logging_mixin.py:190} INFO - file_copy: /opt/***/data/temp/bae7249a-979e-41ff-bad8-7b484b911e12/3b2d0d62-e901-4a5e-8b79-31a24305aa50/rotate2_2.png
[2025-06-18T11:27:36.548+0900] {logging_mixin.py:190} INFO - osd 2 270 180 5.3 Latin 0.83
[2025-06-18T11:27:40.340+0900] {logging_mixin.py:190} INFO - file_copy: /opt/***/data/temp/bae7249a-979e-41ff-bad8-7b484b911e12/3b2d0d62-e901-4a5e-8b79-31a24305aa50/rotate2_3.png
[2025-06-18T11:27:43.837+0900] {logging_mixin.py:190} INFO - osd 3 break  270 0 5.32 Latin 1.79
[2025-06-18T11:27:43.838+0900] {logging_mixin.py:190} INFO - step : line_tracking
[2025-06-18T11:27:44.039+0900] {logging_mixin.py:190} INFO - file_copy: /opt/***/data/temp/bae7249a-979e-41ff-bad8-7b484b911e12/3b2d0d62-e901-4a5e-8b79-31a24305aa50/detected_lines.png
[2025-06-18T11:27:44.053+0900] {logging_mixin.py:190} INFO - step : save
[2025-06-18T11:27:44.073+0900] {taskinstance.py:3313} ERROR - Task failed with exception
Traceback (most recent call last):
  File "/home/airflow/.local/lib/python3.12/site-packages/airflow/models/taskinstance.py", line 768, in _execute_task
    result = _execute_callable(context=context, **execute_callable_kwargs)
             ^^^^^^^^^^^^^^^^^^^^^^^^^^^^^^^^^^^^^^^^^^^^^^^^^^^^^^^^^^^^^
  File "/home/airflow/.local/lib/python3.12/site-packages/airflow/models/taskinstance.py", line 734, in _execute_callable
    return ExecutionCallableRunner(
           ^^^^^^^^^^^^^^^^^^^^^^^^
  File "/home/airflow/.local/lib/python3.12/site-packages/airflow/utils/operator_helpers.py", line 252, in run
    return self.func(*args, **kwargs)
           ^^^^^^^^^^^^^^^^^^^^^^^^^^
  File "/home/airflow/.local/lib/python3.12/site-packages/airflow/models/baseoperator.py", line 424, in wrapper
    return func(self, *args, **kwargs)
           ^^^^^^^^^^^^^^^^^^^^^^^^^^^
  File "/home/airflow/.local/lib/python3.12/site-packages/airflow/decorators/base.py", line 266, in execute
    return_value = super().execute(context)
                   ^^^^^^^^^^^^^^^^^^^^^^^^
  File "/home/airflow/.local/lib/python3.12/site-packages/airflow/models/baseoperator.py", line 424, in wrapper
    return func(self, *args, **kwargs)
           ^^^^^^^^^^^^^^^^^^^^^^^^^^^
  File "/home/airflow/.local/lib/python3.12/site-packages/airflow/operators/python.py", line 238, in execute
    return_value = self.execute_callable()
                   ^^^^^^^^^^^^^^^^^^^^^^^
  File "/home/airflow/.local/lib/python3.12/site-packages/airflow/operators/python.py", line 256, in execute_callable
    return runner.run(*self.op_args, **self.op_kwargs)
           ^^^^^^^^^^^^^^^^^^^^^^^^^^^^^^^^^^^^^^^^^^^
  File "/home/airflow/.local/lib/python3.12/site-packages/airflow/utils/operator_helpers.py", line 252, in run
    return self.func(*args, **kwargs)
           ^^^^^^^^^^^^^^^^^^^^^^^^^^
  File "/opt/airflow/dags/tasks/img_preprocess_task.py", line 63, in img_preprocess_task
    input = type_convert_util.convert_type(output,before_output_type,function_info["input_type"],params=convert_param)
            ^^^^^^^^^^^^^^^^^^^^^^^^^^^^^^^^^^^^^^^^^^^^^^^^^^^^^^^^^^^^^^^^^^^^^^^^^^^^^^^^^^^^^^^^^^^^^^^^^^^^^^^^^^
  File "/opt/airflow/dags/utils/type_convert_util.py", line 24, in convert_type
    return _call_with_compatible_args(func_info, data, params)
           ^^^^^^^^^^^^^^^^^^^^^^^^^^^^^^^^^^^^^^^^^^^^^^^^^^^
  File "/opt/airflow/dags/utils/type_convert_util.py", line 193, in _call_with_compatible_args
    return f(data, **call_args)
           ^^^^^^^^^^^^^^^^^^^^
  File "/opt/airflow/dags/utils/type_convert_util.py", line 101, in np_gray_to_file
    return _np_to_file(_img, file_path)
           ^^^^^^^^^^^^^^^^^^^^^^^^^^^^
  File "/opt/airflow/dags/utils/type_convert_util.py", line 154, in _np_to_file
    status = cv2.imwrite(file_path, _img)
             ^^^^^^^^^^^^^^^^^^^^^^^^^^^^
cv2.error: OpenCV(4.11.0) /io/opencv/modules/imgcodecs/src/loadsave.cpp:929: error: (-215:Assertion failed) !_img.empty() in function 'imwrite'

[2025-06-18T11:27:44.086+0900] {taskinstance.py:1226} INFO - Marking task as FAILED. dag_id=image_preprocess_v1, task_id=img_preprocess_task, run_id=manual__2025-06-18T02:26:34.821358+00:00, map_index=3, execution_date=20250618T022634, start_date=20250618T022642, end_date=20250618T022744
[2025-06-18T11:27:44.113+0900] {taskinstance.py:341} INFO - ::group::Post task execution logs
[2025-06-18T11:27:44.114+0900] {standard_task_runner.py:124} ERROR - Failed to execute job 981 for task img_preprocess_task (OpenCV(4.11.0) /io/opencv/modules/imgcodecs/src/loadsave.cpp:929: error: (-215:Assertion failed) !_img.empty() in function 'imwrite'
; 23999)
Traceback (most recent call last):
  File "/home/airflow/.local/lib/python3.12/site-packages/airflow/task/task_runner/standard_task_runner.py", line 117, in _start_by_fork
    ret = args.func(args, dag=self.dag)
          ^^^^^^^^^^^^^^^^^^^^^^^^^^^^^
  File "/home/airflow/.local/lib/python3.12/site-packages/airflow/cli/cli_config.py", line 49, in command
    return func(*args, **kwargs)
           ^^^^^^^^^^^^^^^^^^^^^
  File "/home/airflow/.local/lib/python3.12/site-packages/airflow/utils/cli.py", line 116, in wrapper
    return f(*args, **kwargs)
           ^^^^^^^^^^^^^^^^^^
  File "/home/airflow/.local/lib/python3.12/site-packages/airflow/cli/commands/task_command.py", line 483, in task_run
    task_return_code = _run_task_by_selected_method(args, _dag, ti)
                       ^^^^^^^^^^^^^^^^^^^^^^^^^^^^^^^^^^^^^^^^^^^^
  File "/home/airflow/.local/lib/python3.12/site-packages/airflow/cli/commands/task_command.py", line 256, in _run_task_by_selected_method
    return _run_raw_task(args, ti)
           ^^^^^^^^^^^^^^^^^^^^^^^
  File "/home/airflow/.local/lib/python3.12/site-packages/airflow/cli/commands/task_command.py", line 341, in _run_raw_task
    return ti._run_raw_task(
           ^^^^^^^^^^^^^^^^^
  File "/home/airflow/.local/lib/python3.12/site-packages/airflow/utils/session.py", line 97, in wrapper
    return func(*args, session=session, **kwargs)
           ^^^^^^^^^^^^^^^^^^^^^^^^^^^^^^^^^^^^^^
  File "/home/airflow/.local/lib/python3.12/site-packages/airflow/models/taskinstance.py", line 3006, in _run_raw_task
    return _run_raw_task(
           ^^^^^^^^^^^^^^
  File "/home/airflow/.local/lib/python3.12/site-packages/airflow/models/taskinstance.py", line 274, in _run_raw_task
    TaskInstance._execute_task_with_callbacks(
  File "/home/airflow/.local/lib/python3.12/site-packages/airflow/models/taskinstance.py", line 3161, in _execute_task_with_callbacks
    result = self._execute_task(context, task_orig)
             ^^^^^^^^^^^^^^^^^^^^^^^^^^^^^^^^^^^^^^
  File "/home/airflow/.local/lib/python3.12/site-packages/airflow/models/taskinstance.py", line 3185, in _execute_task
    return _execute_task(self, context, task_orig)
           ^^^^^^^^^^^^^^^^^^^^^^^^^^^^^^^^^^^^^^^
  File "/home/airflow/.local/lib/python3.12/site-packages/airflow/models/taskinstance.py", line 768, in _execute_task
    result = _execute_callable(context=context, **execute_callable_kwargs)
             ^^^^^^^^^^^^^^^^^^^^^^^^^^^^^^^^^^^^^^^^^^^^^^^^^^^^^^^^^^^^^
  File "/home/airflow/.local/lib/python3.12/site-packages/airflow/models/taskinstance.py", line 734, in _execute_callable
    return ExecutionCallableRunner(
           ^^^^^^^^^^^^^^^^^^^^^^^^
  File "/home/airflow/.local/lib/python3.12/site-packages/airflow/utils/operator_helpers.py", line 252, in run
    return self.func(*args, **kwargs)
           ^^^^^^^^^^^^^^^^^^^^^^^^^^
  File "/home/airflow/.local/lib/python3.12/site-packages/airflow/models/baseoperator.py", line 424, in wrapper
    return func(self, *args, **kwargs)
           ^^^^^^^^^^^^^^^^^^^^^^^^^^^
  File "/home/airflow/.local/lib/python3.12/site-packages/airflow/decorators/base.py", line 266, in execute
    return_value = super().execute(context)
                   ^^^^^^^^^^^^^^^^^^^^^^^^
  File "/home/airflow/.local/lib/python3.12/site-packages/airflow/models/baseoperator.py", line 424, in wrapper
    return func(self, *args, **kwargs)
           ^^^^^^^^^^^^^^^^^^^^^^^^^^^
  File "/home/airflow/.local/lib/python3.12/site-packages/airflow/operators/python.py", line 238, in execute
    return_value = self.execute_callable()
                   ^^^^^^^^^^^^^^^^^^^^^^^
  File "/home/airflow/.local/lib/python3.12/site-packages/airflow/operators/python.py", line 256, in execute_callable
    return runner.run(*self.op_args, **self.op_kwargs)
           ^^^^^^^^^^^^^^^^^^^^^^^^^^^^^^^^^^^^^^^^^^^
  File "/home/airflow/.local/lib/python3.12/site-packages/airflow/utils/operator_helpers.py", line 252, in run
    return self.func(*args, **kwargs)
           ^^^^^^^^^^^^^^^^^^^^^^^^^^
  File "/opt/airflow/dags/tasks/img_preprocess_task.py", line 63, in img_preprocess_task
    input = type_convert_util.convert_type(output,before_output_type,function_info["input_type"],params=convert_param)
            ^^^^^^^^^^^^^^^^^^^^^^^^^^^^^^^^^^^^^^^^^^^^^^^^^^^^^^^^^^^^^^^^^^^^^^^^^^^^^^^^^^^^^^^^^^^^^^^^^^^^^^^^^^
  File "/opt/airflow/dags/utils/type_convert_util.py", line 24, in convert_type
    return _call_with_compatible_args(func_info, data, params)
           ^^^^^^^^^^^^^^^^^^^^^^^^^^^^^^^^^^^^^^^^^^^^^^^^^^^
  File "/opt/airflow/dags/utils/type_convert_util.py", line 193, in _call_with_compatible_args
    return f(data, **call_args)
           ^^^^^^^^^^^^^^^^^^^^
  File "/opt/airflow/dags/utils/type_convert_util.py", line 101, in np_gray_to_file
    return _np_to_file(_img, file_path)
           ^^^^^^^^^^^^^^^^^^^^^^^^^^^^
  File "/opt/airflow/dags/utils/type_convert_util.py", line 154, in _np_to_file
    status = cv2.imwrite(file_path, _img)
             ^^^^^^^^^^^^^^^^^^^^^^^^^^^^
cv2.error: OpenCV(4.11.0) /io/opencv/modules/imgcodecs/src/loadsave.cpp:929: error: (-215:Assertion failed) !_img.empty() in function 'imwrite'

[2025-06-18T11:27:44.148+0900] {local_task_job_runner.py:266} INFO - Task exited with return code 1
[2025-06-18T11:27:44.172+0900] {taskinstance.py:3901} INFO - 0 downstream tasks scheduled from follow-on schedule check
[2025-06-18T11:27:44.178+0900] {local_task_job_runner.py:245} INFO - ::endgroup::
