[2025-06-18T11:23:58.530+0900] {local_task_job_runner.py:123} INFO - ::group::Pre task execution logs
[2025-06-18T11:23:58.555+0900] {taskinstance.py:2614} INFO - Dependencies all met for dep_context=non-requeueable deps ti=<TaskInstance: image_preprocess_v1.img_preprocess_task manual__2025-06-18T02:23:52.961100+00:00 map_index=4 [queued]>
[2025-06-18T11:23:58.566+0900] {taskinstance.py:2614} INFO - Dependencies all met for dep_context=requeueable deps ti=<TaskInstance: image_preprocess_v1.img_preprocess_task manual__2025-06-18T02:23:52.961100+00:00 map_index=4 [queued]>
[2025-06-18T11:23:58.569+0900] {taskinstance.py:2867} INFO - Starting attempt 1 of 1
[2025-06-18T11:23:58.585+0900] {taskinstance.py:2890} INFO - Executing <Mapped(_PythonDecoratedOperator): img_preprocess_task> on 2025-06-18 02:23:52.961100+00:00
[2025-06-18T11:23:58.595+0900] {warnings.py:112} WARNING - /home/***/.local/lib/python3.12/site-packages/***/task/task_runner/standard_task_runner.py:70: DeprecationWarning: This process (pid=23789) is multi-threaded, use of fork() may lead to deadlocks in the child.
  pid = os.fork()

[2025-06-18T11:23:58.597+0900] {standard_task_runner.py:72} INFO - Started process 23840 to run task
[2025-06-18T11:23:58.598+0900] {standard_task_runner.py:104} INFO - Running: ['***', 'tasks', 'run', 'image_preprocess_v1', 'img_preprocess_task', 'manual__2025-06-18T02:23:52.961100+00:00', '--job-id', '975', '--raw', '--subdir', 'DAGS_FOLDER/test_dag.py', '--cfg-path', '/tmp/tmpis57gzy0', '--map-index', '4']
[2025-06-18T11:23:58.600+0900] {standard_task_runner.py:105} INFO - Job 975: Subtask img_preprocess_task
[2025-06-18T11:23:58.647+0900] {task_command.py:467} INFO - Running <TaskInstance: image_preprocess_v1.img_preprocess_task manual__2025-06-18T02:23:52.961100+00:00 map_index=4 [running]> on host f6d4228a9eb8
[2025-06-18T11:23:58.735+0900] {taskinstance.py:3134} INFO - Exporting env vars: AIRFLOW_CTX_DAG_OWNER='***' AIRFLOW_CTX_DAG_ID='image_preprocess_v1' AIRFLOW_CTX_TASK_ID='img_preprocess_task' AIRFLOW_CTX_EXECUTION_DATE='2025-06-18T02:23:52.961100+00:00' AIRFLOW_CTX_TRY_NUMBER='1' AIRFLOW_CTX_DAG_RUN_ID='manual__2025-06-18T02:23:52.961100+00:00'
[2025-06-18T11:23:58.736+0900] {taskinstance.py:732} INFO - ::endgroup::
[2025-06-18T11:23:58.739+0900] {logging_mixin.py:190} INFO - empty map check {} {'process_id': '_e27596b7-1b13-43a9-bff6-25b1e54fd258_pre', 'folder_path': 'c66dd734-f2ce-47e7-a0c1-d473840942bd/e27596b7-1b13-43a9-bff6-25b1e54fd258', 'step_list': [{'name': 'calc_angle_set2', 'param': {'key': 'angle1', 'iterations': 4, 'iter_save': True}}, {'name': 'text_orientation_set', 'param': {'key': 'angle2', 'iterations': 4, 'iter_save': True}}, {'name': 'line_tracking', 'param': {'iter_save': True}}, {'name': 'save', 'param': {'key': 'classify_preprocess'}}], 'result_file_list': []}
[2025-06-18T11:23:58.739+0900] {logging_mixin.py:190} INFO - step : calc_angle_set2
[2025-06-18T11:24:07.686+0900] {logging_mixin.py:190} INFO - osd 1 0.5 0.5 22 48953 [0, 0, 0, 0, 0, 0, 0, 0, 0, 0, 0, 0, 0, 0, 0, 0, 0, 0, 0, 35, 3580, 31039, 48953, 28438, 7111, 290, 0, 0, 0, 0, 0, 0, 0, 0, 0, 0, 0, 0, 0, 0, 0]
[2025-06-18T11:24:17.073+0900] {logging_mixin.py:190} INFO - osd 2 0.5 0.0 20 55792 [0, 0, 0, 0, 0, 0, 0, 0, 0, 0, 0, 0, 0, 0, 0, 0, 0, 58, 7860, 41251, 55792, 43395, 12022, 1041, 0, 0, 0, 0, 0, 0, 0, 0, 0, 0, 0, 0, 0, 0, 0, 0, 0]
[2025-06-18T11:24:26.520+0900] {logging_mixin.py:190} INFO - osd 3 0.5 0.0 20 55792 [0, 0, 0, 0, 0, 0, 0, 0, 0, 0, 0, 0, 0, 0, 0, 0, 0, 58, 7860, 41251, 55792, 43395, 12022, 1041, 0, 0, 0, 0, 0, 0, 0, 0, 0, 0, 0, 0, 0, 0, 0, 0, 0]
[2025-06-18T11:24:37.982+0900] {logging_mixin.py:190} INFO - osd 4 0.5 0.0 20 55792 [0, 0, 0, 0, 0, 0, 0, 0, 0, 0, 0, 0, 0, 0, 0, 0, 0, 58, 7860, 41251, 55792, 43395, 12022, 1041, 0, 0, 0, 0, 0, 0, 0, 0, 0, 0, 0, 0, 0, 0, 0, 0, 0]
[2025-06-18T11:24:38.098+0900] {logging_mixin.py:190} INFO - step : text_orientation_set
[2025-06-18T11:24:43.001+0900] {logging_mixin.py:190} INFO - file_copy: /opt/***/data/temp/c66dd734-f2ce-47e7-a0c1-d473840942bd/e27596b7-1b13-43a9-bff6-25b1e54fd258/rotate2_1.png
[2025-06-18T11:24:45.346+0900] {logging_mixin.py:190} INFO - osd 1 270 270 5.74 Latin 2.1
[2025-06-18T11:24:50.448+0900] {logging_mixin.py:190} INFO - file_copy: /opt/***/data/temp/c66dd734-f2ce-47e7-a0c1-d473840942bd/e27596b7-1b13-43a9-bff6-25b1e54fd258/rotate2_2.png
[2025-06-18T11:24:53.095+0900] {logging_mixin.py:190} INFO - osd 2 450 180 3.33 Latin 0.51
[2025-06-18T11:24:57.909+0900] {logging_mixin.py:190} INFO - file_copy: /opt/***/data/temp/c66dd734-f2ce-47e7-a0c1-d473840942bd/e27596b7-1b13-43a9-bff6-25b1e54fd258/rotate2_3.png
[2025-06-18T11:24:59.216+0900] {logging_mixin.py:190} INFO - osd 3 break  450 0 3.97 Latin 0.71
[2025-06-18T11:24:59.217+0900] {logging_mixin.py:190} INFO - step : line_tracking
[2025-06-18T11:24:59.222+0900] {taskinstance.py:3313} ERROR - Task failed with exception
Traceback (most recent call last):
  File "/home/airflow/.local/lib/python3.12/site-packages/airflow/models/taskinstance.py", line 768, in _execute_task
    result = _execute_callable(context=context, **execute_callable_kwargs)
             ^^^^^^^^^^^^^^^^^^^^^^^^^^^^^^^^^^^^^^^^^^^^^^^^^^^^^^^^^^^^^
  File "/home/airflow/.local/lib/python3.12/site-packages/airflow/models/taskinstance.py", line 734, in _execute_callable
    return ExecutionCallableRunner(
           ^^^^^^^^^^^^^^^^^^^^^^^^
  File "/home/airflow/.local/lib/python3.12/site-packages/airflow/utils/operator_helpers.py", line 252, in run
    return self.func(*args, **kwargs)
           ^^^^^^^^^^^^^^^^^^^^^^^^^^
  File "/home/airflow/.local/lib/python3.12/site-packages/airflow/models/baseoperator.py", line 424, in wrapper
    return func(self, *args, **kwargs)
           ^^^^^^^^^^^^^^^^^^^^^^^^^^^
  File "/home/airflow/.local/lib/python3.12/site-packages/airflow/decorators/base.py", line 266, in execute
    return_value = super().execute(context)
                   ^^^^^^^^^^^^^^^^^^^^^^^^
  File "/home/airflow/.local/lib/python3.12/site-packages/airflow/models/baseoperator.py", line 424, in wrapper
    return func(self, *args, **kwargs)
           ^^^^^^^^^^^^^^^^^^^^^^^^^^^
  File "/home/airflow/.local/lib/python3.12/site-packages/airflow/operators/python.py", line 238, in execute
    return_value = self.execute_callable()
                   ^^^^^^^^^^^^^^^^^^^^^^^
  File "/home/airflow/.local/lib/python3.12/site-packages/airflow/operators/python.py", line 256, in execute_callable
    return runner.run(*self.op_args, **self.op_kwargs)
           ^^^^^^^^^^^^^^^^^^^^^^^^^^^^^^^^^^^^^^^^^^^
  File "/home/airflow/.local/lib/python3.12/site-packages/airflow/utils/operator_helpers.py", line 252, in run
    return self.func(*args, **kwargs)
           ^^^^^^^^^^^^^^^^^^^^^^^^^^
  File "/opt/airflow/dags/tasks/img_preprocess_task.py", line 64, in img_preprocess_task
    output = function_info["function"](input,**stepinfo["param"])
             ^^^^^^^^^^^^^^^^^^^^^^^^^^^^^^^^^^^^^^^^^^^^^^^^^^^^
  File "/opt/airflow/dags/tasks/img_preprocess_task.py", line 633, in line_tracking
    horizontal = binary.copy()
                 ^^^^^^^^^^^
AttributeError: 'tuple' object has no attribute 'copy'
[2025-06-18T11:24:59.234+0900] {taskinstance.py:1226} INFO - Marking task as FAILED. dag_id=image_preprocess_v1, task_id=img_preprocess_task, run_id=manual__2025-06-18T02:23:52.961100+00:00, map_index=4, execution_date=20250618T022352, start_date=20250618T022358, end_date=20250618T022459
[2025-06-18T11:24:59.260+0900] {taskinstance.py:341} INFO - ::group::Post task execution logs
[2025-06-18T11:24:59.261+0900] {standard_task_runner.py:124} ERROR - Failed to execute job 975 for task img_preprocess_task ('tuple' object has no attribute 'copy'; 23840)
Traceback (most recent call last):
  File "/home/airflow/.local/lib/python3.12/site-packages/airflow/task/task_runner/standard_task_runner.py", line 117, in _start_by_fork
    ret = args.func(args, dag=self.dag)
          ^^^^^^^^^^^^^^^^^^^^^^^^^^^^^
  File "/home/airflow/.local/lib/python3.12/site-packages/airflow/cli/cli_config.py", line 49, in command
    return func(*args, **kwargs)
           ^^^^^^^^^^^^^^^^^^^^^
  File "/home/airflow/.local/lib/python3.12/site-packages/airflow/utils/cli.py", line 116, in wrapper
    return f(*args, **kwargs)
           ^^^^^^^^^^^^^^^^^^
  File "/home/airflow/.local/lib/python3.12/site-packages/airflow/cli/commands/task_command.py", line 483, in task_run
    task_return_code = _run_task_by_selected_method(args, _dag, ti)
                       ^^^^^^^^^^^^^^^^^^^^^^^^^^^^^^^^^^^^^^^^^^^^
  File "/home/airflow/.local/lib/python3.12/site-packages/airflow/cli/commands/task_command.py", line 256, in _run_task_by_selected_method
    return _run_raw_task(args, ti)
           ^^^^^^^^^^^^^^^^^^^^^^^
  File "/home/airflow/.local/lib/python3.12/site-packages/airflow/cli/commands/task_command.py", line 341, in _run_raw_task
    return ti._run_raw_task(
           ^^^^^^^^^^^^^^^^^
  File "/home/airflow/.local/lib/python3.12/site-packages/airflow/utils/session.py", line 97, in wrapper
    return func(*args, session=session, **kwargs)
           ^^^^^^^^^^^^^^^^^^^^^^^^^^^^^^^^^^^^^^
  File "/home/airflow/.local/lib/python3.12/site-packages/airflow/models/taskinstance.py", line 3006, in _run_raw_task
    return _run_raw_task(
           ^^^^^^^^^^^^^^
  File "/home/airflow/.local/lib/python3.12/site-packages/airflow/models/taskinstance.py", line 274, in _run_raw_task
    TaskInstance._execute_task_with_callbacks(
  File "/home/airflow/.local/lib/python3.12/site-packages/airflow/models/taskinstance.py", line 3161, in _execute_task_with_callbacks
    result = self._execute_task(context, task_orig)
             ^^^^^^^^^^^^^^^^^^^^^^^^^^^^^^^^^^^^^^
  File "/home/airflow/.local/lib/python3.12/site-packages/airflow/models/taskinstance.py", line 3185, in _execute_task
    return _execute_task(self, context, task_orig)
           ^^^^^^^^^^^^^^^^^^^^^^^^^^^^^^^^^^^^^^^
  File "/home/airflow/.local/lib/python3.12/site-packages/airflow/models/taskinstance.py", line 768, in _execute_task
    result = _execute_callable(context=context, **execute_callable_kwargs)
             ^^^^^^^^^^^^^^^^^^^^^^^^^^^^^^^^^^^^^^^^^^^^^^^^^^^^^^^^^^^^^
  File "/home/airflow/.local/lib/python3.12/site-packages/airflow/models/taskinstance.py", line 734, in _execute_callable
    return ExecutionCallableRunner(
           ^^^^^^^^^^^^^^^^^^^^^^^^
  File "/home/airflow/.local/lib/python3.12/site-packages/airflow/utils/operator_helpers.py", line 252, in run
    return self.func(*args, **kwargs)
           ^^^^^^^^^^^^^^^^^^^^^^^^^^
  File "/home/airflow/.local/lib/python3.12/site-packages/airflow/models/baseoperator.py", line 424, in wrapper
    return func(self, *args, **kwargs)
           ^^^^^^^^^^^^^^^^^^^^^^^^^^^
  File "/home/airflow/.local/lib/python3.12/site-packages/airflow/decorators/base.py", line 266, in execute
    return_value = super().execute(context)
                   ^^^^^^^^^^^^^^^^^^^^^^^^
  File "/home/airflow/.local/lib/python3.12/site-packages/airflow/models/baseoperator.py", line 424, in wrapper
    return func(self, *args, **kwargs)
           ^^^^^^^^^^^^^^^^^^^^^^^^^^^
  File "/home/airflow/.local/lib/python3.12/site-packages/airflow/operators/python.py", line 238, in execute
    return_value = self.execute_callable()
                   ^^^^^^^^^^^^^^^^^^^^^^^
  File "/home/airflow/.local/lib/python3.12/site-packages/airflow/operators/python.py", line 256, in execute_callable
    return runner.run(*self.op_args, **self.op_kwargs)
           ^^^^^^^^^^^^^^^^^^^^^^^^^^^^^^^^^^^^^^^^^^^
  File "/home/airflow/.local/lib/python3.12/site-packages/airflow/utils/operator_helpers.py", line 252, in run
    return self.func(*args, **kwargs)
           ^^^^^^^^^^^^^^^^^^^^^^^^^^
  File "/opt/airflow/dags/tasks/img_preprocess_task.py", line 64, in img_preprocess_task
    output = function_info["function"](input,**stepinfo["param"])
             ^^^^^^^^^^^^^^^^^^^^^^^^^^^^^^^^^^^^^^^^^^^^^^^^^^^^
  File "/opt/airflow/dags/tasks/img_preprocess_task.py", line 633, in line_tracking
    horizontal = binary.copy()
                 ^^^^^^^^^^^
AttributeError: 'tuple' object has no attribute 'copy'
[2025-06-18T11:24:59.297+0900] {local_task_job_runner.py:266} INFO - Task exited with return code 1
[2025-06-18T11:24:59.314+0900] {taskinstance.py:3901} INFO - 0 downstream tasks scheduled from follow-on schedule check
[2025-06-18T11:24:59.318+0900] {local_task_job_runner.py:245} INFO - ::endgroup::
