[2025-06-25T11:33:16.254+0900] {local_task_job_runner.py:123} INFO - ::group::Pre task execution logs
[2025-06-25T11:33:16.281+0900] {taskinstance.py:2614} INFO - Dependencies all met for dep_context=non-requeueable deps ti=<TaskInstance: image_classify_v1.img_classify_task manual__2025-06-25T02:31:38.826585+00:00 map_index=8 [queued]>
[2025-06-25T11:33:16.293+0900] {taskinstance.py:2614} INFO - Dependencies all met for dep_context=requeueable deps ti=<TaskInstance: image_classify_v1.img_classify_task manual__2025-06-25T02:31:38.826585+00:00 map_index=8 [queued]>
[2025-06-25T11:33:16.293+0900] {taskinstance.py:2867} INFO - Starting attempt 1 of 1
[2025-06-25T11:33:16.307+0900] {taskinstance.py:2890} INFO - Executing <Mapped(_PythonDecoratedOperator): img_classify_task> on 2025-06-25 02:31:38.826585+00:00
[2025-06-25T11:33:16.322+0900] {warnings.py:112} WARNING - /home/***/.local/lib/python3.12/site-packages/***/task/task_runner/standard_task_runner.py:70: DeprecationWarning: This process (pid=83844) is multi-threaded, use of fork() may lead to deadlocks in the child.
  pid = os.fork()

[2025-06-25T11:33:16.324+0900] {standard_task_runner.py:72} INFO - Started process 83941 to run task
[2025-06-25T11:33:16.325+0900] {standard_task_runner.py:104} INFO - Running: ['***', 'tasks', 'run', 'image_classify_v1', 'img_classify_task', 'manual__2025-06-25T02:31:38.826585+00:00', '--job-id', '5229', '--raw', '--subdir', 'DAGS_FOLDER/img_classify_dag.py', '--cfg-path', '/tmp/tmp2rifrcvs', '--map-index', '8']
[2025-06-25T11:33:16.328+0900] {standard_task_runner.py:105} INFO - Job 5229: Subtask img_classify_task
[2025-06-25T11:33:16.371+0900] {task_command.py:467} INFO - Running <TaskInstance: image_classify_v1.img_classify_task manual__2025-06-25T02:31:38.826585+00:00 map_index=8 [running]> on host f6d4228a9eb8
[2025-06-25T11:33:16.715+0900] {taskinstance.py:3134} INFO - Exporting env vars: AIRFLOW_CTX_DAG_OWNER='***' AIRFLOW_CTX_DAG_ID='image_classify_v1' AIRFLOW_CTX_TASK_ID='img_classify_task' AIRFLOW_CTX_EXECUTION_DATE='2025-06-25T02:31:38.826585+00:00' AIRFLOW_CTX_TRY_NUMBER='1' AIRFLOW_CTX_DAG_RUN_ID='manual__2025-06-25T02:31:38.826585+00:00'
[2025-06-25T11:33:16.716+0900] {taskinstance.py:732} INFO - ::endgroup::
[2025-06-25T11:33:19.590+0900] {logging_mixin.py:190} INFO - 1. 모델 및 프로세서 로드 완료
[2025-06-25T11:33:19.653+0900] {logging_mixin.py:190} INFO - 3-2. OCR 수행 시작
[2025-06-25T11:50:08.813+0900] {logging_mixin.py:190} INFO - 3-3. OCR 수행 완료
[2025-06-25T11:50:08.820+0900] {logging_mixin.py:190} INFO - 3-4. 전처리 완료 (단어 수: 214, 박스 수: 214)
[2025-06-25T11:50:08.827+0900] {logging_mixin.py:190} INFO - 4-1. 모델 입력 생성 시작
[2025-06-25T11:50:08.828+0900] {taskinstance.py:3313} ERROR - Task failed with exception
Traceback (most recent call last):
  File "/home/airflow/.local/lib/python3.12/site-packages/airflow/models/taskinstance.py", line 768, in _execute_task
    result = _execute_callable(context=context, **execute_callable_kwargs)
             ^^^^^^^^^^^^^^^^^^^^^^^^^^^^^^^^^^^^^^^^^^^^^^^^^^^^^^^^^^^^^
  File "/home/airflow/.local/lib/python3.12/site-packages/airflow/models/taskinstance.py", line 734, in _execute_callable
    return ExecutionCallableRunner(
           ^^^^^^^^^^^^^^^^^^^^^^^^
  File "/home/airflow/.local/lib/python3.12/site-packages/airflow/utils/operator_helpers.py", line 252, in run
    return self.func(*args, **kwargs)
           ^^^^^^^^^^^^^^^^^^^^^^^^^^
  File "/home/airflow/.local/lib/python3.12/site-packages/airflow/models/baseoperator.py", line 424, in wrapper
    return func(self, *args, **kwargs)
           ^^^^^^^^^^^^^^^^^^^^^^^^^^^
  File "/home/airflow/.local/lib/python3.12/site-packages/airflow/decorators/base.py", line 266, in execute
    return_value = super().execute(context)
                   ^^^^^^^^^^^^^^^^^^^^^^^^
  File "/home/airflow/.local/lib/python3.12/site-packages/airflow/models/baseoperator.py", line 424, in wrapper
    return func(self, *args, **kwargs)
           ^^^^^^^^^^^^^^^^^^^^^^^^^^^
  File "/home/airflow/.local/lib/python3.12/site-packages/airflow/operators/python.py", line 238, in execute
    return_value = self.execute_callable()
                   ^^^^^^^^^^^^^^^^^^^^^^^
  File "/home/airflow/.local/lib/python3.12/site-packages/airflow/operators/python.py", line 256, in execute_callable
    return runner.run(*self.op_args, **self.op_kwargs)
           ^^^^^^^^^^^^^^^^^^^^^^^^^^^^^^^^^^^^^^^^^^^
  File "/home/airflow/.local/lib/python3.12/site-packages/airflow/utils/operator_helpers.py", line 252, in run
    return self.func(*args, **kwargs)
           ^^^^^^^^^^^^^^^^^^^^^^^^^^
  File "/opt/airflow/dags/tasks/img_classify_task.py", line 107, in img_classify_task
    image_path = file_info[result_key]["result_file_map"]["_result"]
                       ^^^^^^^^^^^^^^^^^^^^^^^^^^^^^^^^^^^^^
  File "/opt/airflow/dags/tasks/img_classify_task.py", line 85, in predict
    print("4-1. 모델 입력 생성 시작")
               ^^^^^^^^^^^^^^^^^^^^^^
  File "/home/airflow/.local/lib/python3.12/site-packages/transformers/models/layoutlmv3/tokenization_layoutlmv3_fast.py", line 328, in __call__
    return self.encode_plus(
           ^^^^^^^^^^^^^^^^^
  File "/home/airflow/.local/lib/python3.12/site-packages/transformers/models/layoutlmv3/tokenization_layoutlmv3_fast.py", line 469, in encode_plus
    return self._encode_plus(
           ^^^^^^^^^^^^^^^^^^
  File "/home/airflow/.local/lib/python3.12/site-packages/transformers/models/layoutlmv3/tokenization_layoutlmv3_fast.py", line 686, in _encode_plus
    batched_output = self._batch_encode_plus(
                     ^^^^^^^^^^^^^^^^^^^^^^^^
TypeError: LayoutLMv3TokenizerFast._batch_encode_plus() got an unexpected keyword argument 'images'
[2025-06-25T11:50:08.864+0900] {taskinstance.py:1226} INFO - Marking task as FAILED. dag_id=image_classify_v1, task_id=img_classify_task, run_id=manual__2025-06-25T02:31:38.826585+00:00, map_index=8, execution_date=20250625T023138, start_date=20250625T023316, end_date=20250625T025008
[2025-06-25T11:50:08.896+0900] {taskinstance.py:341} INFO - ::group::Post task execution logs
[2025-06-25T11:50:08.898+0900] {standard_task_runner.py:124} ERROR - Failed to execute job 5229 for task img_classify_task (LayoutLMv3TokenizerFast._batch_encode_plus() got an unexpected keyword argument 'images'; 83941)
Traceback (most recent call last):
  File "/home/airflow/.local/lib/python3.12/site-packages/airflow/task/task_runner/standard_task_runner.py", line 117, in _start_by_fork
    ret = args.func(args, dag=self.dag)
          ^^^^^^^^^^^^^^^^^^^^^^^^^^^^^
  File "/home/airflow/.local/lib/python3.12/site-packages/airflow/cli/cli_config.py", line 49, in command
    return func(*args, **kwargs)
           ^^^^^^^^^^^^^^^^^^^^^
  File "/home/airflow/.local/lib/python3.12/site-packages/airflow/utils/cli.py", line 116, in wrapper
    return f(*args, **kwargs)
           ^^^^^^^^^^^^^^^^^^
  File "/home/airflow/.local/lib/python3.12/site-packages/airflow/cli/commands/task_command.py", line 483, in task_run
    task_return_code = _run_task_by_selected_method(args, _dag, ti)
                       ^^^^^^^^^^^^^^^^^^^^^^^^^^^^^^^^^^^^^^^^^^^^
  File "/home/airflow/.local/lib/python3.12/site-packages/airflow/cli/commands/task_command.py", line 256, in _run_task_by_selected_method
    return _run_raw_task(args, ti)
           ^^^^^^^^^^^^^^^^^^^^^^^
  File "/home/airflow/.local/lib/python3.12/site-packages/airflow/cli/commands/task_command.py", line 341, in _run_raw_task
    return ti._run_raw_task(
           ^^^^^^^^^^^^^^^^^
  File "/home/airflow/.local/lib/python3.12/site-packages/airflow/utils/session.py", line 97, in wrapper
    return func(*args, session=session, **kwargs)
           ^^^^^^^^^^^^^^^^^^^^^^^^^^^^^^^^^^^^^^
  File "/home/airflow/.local/lib/python3.12/site-packages/airflow/models/taskinstance.py", line 3006, in _run_raw_task
    return _run_raw_task(
           ^^^^^^^^^^^^^^
  File "/home/airflow/.local/lib/python3.12/site-packages/airflow/models/taskinstance.py", line 274, in _run_raw_task
    TaskInstance._execute_task_with_callbacks(
  File "/home/airflow/.local/lib/python3.12/site-packages/airflow/models/taskinstance.py", line 3161, in _execute_task_with_callbacks
    result = self._execute_task(context, task_orig)
             ^^^^^^^^^^^^^^^^^^^^^^^^^^^^^^^^^^^^^^
  File "/home/airflow/.local/lib/python3.12/site-packages/airflow/models/taskinstance.py", line 3185, in _execute_task
    return _execute_task(self, context, task_orig)
           ^^^^^^^^^^^^^^^^^^^^^^^^^^^^^^^^^^^^^^^
  File "/home/airflow/.local/lib/python3.12/site-packages/airflow/models/taskinstance.py", line 768, in _execute_task
    result = _execute_callable(context=context, **execute_callable_kwargs)
             ^^^^^^^^^^^^^^^^^^^^^^^^^^^^^^^^^^^^^^^^^^^^^^^^^^^^^^^^^^^^^
  File "/home/airflow/.local/lib/python3.12/site-packages/airflow/models/taskinstance.py", line 734, in _execute_callable
    return ExecutionCallableRunner(
           ^^^^^^^^^^^^^^^^^^^^^^^^
  File "/home/airflow/.local/lib/python3.12/site-packages/airflow/utils/operator_helpers.py", line 252, in run
    return self.func(*args, **kwargs)
           ^^^^^^^^^^^^^^^^^^^^^^^^^^
  File "/home/airflow/.local/lib/python3.12/site-packages/airflow/models/baseoperator.py", line 424, in wrapper
    return func(self, *args, **kwargs)
           ^^^^^^^^^^^^^^^^^^^^^^^^^^^
  File "/home/airflow/.local/lib/python3.12/site-packages/airflow/decorators/base.py", line 266, in execute
    return_value = super().execute(context)
                   ^^^^^^^^^^^^^^^^^^^^^^^^
  File "/home/airflow/.local/lib/python3.12/site-packages/airflow/models/baseoperator.py", line 424, in wrapper
    return func(self, *args, **kwargs)
           ^^^^^^^^^^^^^^^^^^^^^^^^^^^
  File "/home/airflow/.local/lib/python3.12/site-packages/airflow/operators/python.py", line 238, in execute
    return_value = self.execute_callable()
                   ^^^^^^^^^^^^^^^^^^^^^^^
  File "/home/airflow/.local/lib/python3.12/site-packages/airflow/operators/python.py", line 256, in execute_callable
    return runner.run(*self.op_args, **self.op_kwargs)
           ^^^^^^^^^^^^^^^^^^^^^^^^^^^^^^^^^^^^^^^^^^^
  File "/home/airflow/.local/lib/python3.12/site-packages/airflow/utils/operator_helpers.py", line 252, in run
    return self.func(*args, **kwargs)
           ^^^^^^^^^^^^^^^^^^^^^^^^^^
  File "/opt/airflow/dags/tasks/img_classify_task.py", line 107, in img_classify_task
    image_path = file_info[result_key]["result_file_map"]["_result"]
                       ^^^^^^^^^^^^^^^^^^^^^^^^^^^^^^^^^^^^^
  File "/opt/airflow/dags/tasks/img_classify_task.py", line 85, in predict
    print("4-1. 모델 입력 생성 시작")
               ^^^^^^^^^^^^^^^^^^^^^^
  File "/home/airflow/.local/lib/python3.12/site-packages/transformers/models/layoutlmv3/tokenization_layoutlmv3_fast.py", line 328, in __call__
    return self.encode_plus(
           ^^^^^^^^^^^^^^^^^
  File "/home/airflow/.local/lib/python3.12/site-packages/transformers/models/layoutlmv3/tokenization_layoutlmv3_fast.py", line 469, in encode_plus
    return self._encode_plus(
           ^^^^^^^^^^^^^^^^^^
  File "/home/airflow/.local/lib/python3.12/site-packages/transformers/models/layoutlmv3/tokenization_layoutlmv3_fast.py", line 686, in _encode_plus
    batched_output = self._batch_encode_plus(
                     ^^^^^^^^^^^^^^^^^^^^^^^^
TypeError: LayoutLMv3TokenizerFast._batch_encode_plus() got an unexpected keyword argument 'images'
[2025-06-25T11:50:08.932+0900] {local_task_job_runner.py:266} INFO - Task exited with return code 1
[2025-06-25T11:50:08.958+0900] {taskinstance.py:3901} INFO - 0 downstream tasks scheduled from follow-on schedule check
[2025-06-25T11:50:08.961+0900] {local_task_job_runner.py:245} INFO - ::endgroup::
