[2025-06-18T11:35:57.505+0900] {local_task_job_runner.py:123} INFO - ::group::Pre task execution logs
[2025-06-18T11:35:57.529+0900] {taskinstance.py:2614} INFO - Dependencies all met for dep_context=non-requeueable deps ti=<TaskInstance: image_preprocess_v1.img_preprocess_task manual__2025-06-18T02:35:51.834941+00:00 map_index=0 [queued]>
[2025-06-18T11:35:57.540+0900] {taskinstance.py:2614} INFO - Dependencies all met for dep_context=requeueable deps ti=<TaskInstance: image_preprocess_v1.img_preprocess_task manual__2025-06-18T02:35:51.834941+00:00 map_index=0 [queued]>
[2025-06-18T11:35:57.540+0900] {taskinstance.py:2867} INFO - Starting attempt 1 of 1
[2025-06-18T11:35:57.555+0900] {taskinstance.py:2890} INFO - Executing <Mapped(_PythonDecoratedOperator): img_preprocess_task> on 2025-06-18 02:35:51.834941+00:00
[2025-06-18T11:35:57.563+0900] {warnings.py:112} WARNING - /home/***/.local/lib/python3.12/site-packages/***/task/task_runner/standard_task_runner.py:70: DeprecationWarning: This process (pid=24198) is multi-threaded, use of fork() may lead to deadlocks in the child.
  pid = os.fork()

[2025-06-18T11:35:57.565+0900] {standard_task_runner.py:72} INFO - Started process 24244 to run task
[2025-06-18T11:35:57.566+0900] {standard_task_runner.py:104} INFO - Running: ['***', 'tasks', 'run', 'image_preprocess_v1', 'img_preprocess_task', 'manual__2025-06-18T02:35:51.834941+00:00', '--job-id', '988', '--raw', '--subdir', 'DAGS_FOLDER/test_dag.py', '--cfg-path', '/tmp/tmp_cpkyoji', '--map-index', '0']
[2025-06-18T11:35:57.572+0900] {standard_task_runner.py:105} INFO - Job 988: Subtask img_preprocess_task
[2025-06-18T11:35:57.615+0900] {task_command.py:467} INFO - Running <TaskInstance: image_preprocess_v1.img_preprocess_task manual__2025-06-18T02:35:51.834941+00:00 map_index=0 [running]> on host f6d4228a9eb8
[2025-06-18T11:35:57.715+0900] {taskinstance.py:3134} INFO - Exporting env vars: AIRFLOW_CTX_DAG_OWNER='***' AIRFLOW_CTX_DAG_ID='image_preprocess_v1' AIRFLOW_CTX_TASK_ID='img_preprocess_task' AIRFLOW_CTX_EXECUTION_DATE='2025-06-18T02:35:51.834941+00:00' AIRFLOW_CTX_TRY_NUMBER='1' AIRFLOW_CTX_DAG_RUN_ID='manual__2025-06-18T02:35:51.834941+00:00'
[2025-06-18T11:35:57.721+0900] {taskinstance.py:732} INFO - ::endgroup::
[2025-06-18T11:35:57.726+0900] {logging_mixin.py:190} INFO - empty map check {} {'process_id': '_784d85aa-8dba-491f-85c7-d528e4f47d0b_pre', 'folder_path': '2da6eaf6-5e12-4ae7-b5a4-1849573b1b0a/784d85aa-8dba-491f-85c7-d528e4f47d0b', 'step_list': [{'name': 'calc_angle_set2', 'param': {'key': 'angle1', 'iterations': 4, 'iter_save': True}}, {'name': 'text_orientation_set', 'param': {'key': 'angle2', 'iterations': 4, 'iter_save': True}}, {'name': 'line_tracking', 'param': {'iter_save': True}}, {'name': 'save', 'param': {'key': 'classify_preprocess'}}], 'result_file_list': []}
[2025-06-18T11:35:57.726+0900] {logging_mixin.py:190} INFO - step : calc_angle_set2
[2025-06-18T11:36:06.627+0900] {logging_mixin.py:190} INFO - osd 1 0.25 0.25 21 51972 [0, 0, 0, 0, 0, 0, 0, 0, 0, 0, 0, 0, 0, 0, 0, 0, 0, 0, 901, 22450, 47420, 51972, 26102, 4347, 66, 0, 0, 0, 0, 0, 0, 0, 0, 0, 0, 0, 0, 0, 0, 0, 0]
[2025-06-18T11:36:15.403+0900] {logging_mixin.py:190} INFO - osd 2 0.0 -0.25 19 54073 [0, 0, 0, 0, 0, 0, 0, 0, 0, 0, 0, 0, 0, 0, 0, 0, 0, 2377, 29141, 54073, 48476, 35271, 6058, 202, 0, 0, 0, 0, 0, 0, 0, 0, 0, 0, 0, 0, 0, 0, 0, 0, 0]
[2025-06-18T11:36:24.268+0900] {logging_mixin.py:190} INFO - osd 3 0.25 0.25 21 63129 [0, 0, 0, 0, 0, 0, 0, 0, 0, 0, 0, 0, 0, 0, 0, 0, 0, 0, 2341, 29423, 54578, 63129, 38289, 7741, 226, 0, 0, 0, 0, 0, 0, 0, 0, 0, 0, 0, 0, 0, 0, 0, 0]
[2025-06-18T11:36:33.886+0900] {logging_mixin.py:190} INFO - osd 4 0.0 -0.25 19 59775 [0, 0, 0, 0, 0, 0, 0, 0, 0, 0, 0, 0, 0, 0, 0, 0, 0, 2568, 29193, 59775, 52264, 37498, 7116, 216, 0, 0, 0, 0, 0, 0, 0, 0, 0, 0, 0, 0, 0, 0, 0, 0, 0]
[2025-06-18T11:36:33.968+0900] {logging_mixin.py:190} INFO - step : text_orientation_set
[2025-06-18T11:36:39.750+0900] {logging_mixin.py:190} INFO - file_copy: /opt/***/data/temp/2da6eaf6-5e12-4ae7-b5a4-1849573b1b0a/784d85aa-8dba-491f-85c7-d528e4f47d0b/rotate2_1.png
[2025-06-18T11:36:41.128+0900] {logging_mixin.py:190} INFO - osd 1 90 90 5.86 Latin 0.83
[2025-06-18T11:36:46.481+0900] {logging_mixin.py:190} INFO - file_copy: /opt/***/data/temp/2da6eaf6-5e12-4ae7-b5a4-1849573b1b0a/784d85aa-8dba-491f-85c7-d528e4f47d0b/rotate2_2.png
[2025-06-18T11:36:48.260+0900] {logging_mixin.py:190} INFO - osd 2 270 180 5.83 Cyrillic 0.78
[2025-06-18T11:36:53.827+0900] {logging_mixin.py:190} INFO - file_copy: /opt/***/data/temp/2da6eaf6-5e12-4ae7-b5a4-1849573b1b0a/784d85aa-8dba-491f-85c7-d528e4f47d0b/rotate2_3.png
[2025-06-18T11:36:55.350+0900] {logging_mixin.py:190} INFO - osd 3 break  270 0 4.54 Latin 0.51
[2025-06-18T11:36:55.350+0900] {logging_mixin.py:190} INFO - step : line_tracking
[2025-06-18T11:36:55.374+0900] {logging_mixin.py:190} INFO - file_copy: /opt/***/data/temp/2da6eaf6-5e12-4ae7-b5a4-1849573b1b0a/784d85aa-8dba-491f-85c7-d528e4f47d0b/line_binary.png
[2025-06-18T11:36:55.521+0900] {logging_mixin.py:190} INFO - file_copy: /opt/***/data/temp/2da6eaf6-5e12-4ae7-b5a4-1849573b1b0a/784d85aa-8dba-491f-85c7-d528e4f47d0b/detected_lines.png
[2025-06-18T11:36:55.531+0900] {logging_mixin.py:190} INFO - step : save
[2025-06-18T11:36:55.532+0900] {taskinstance.py:3313} ERROR - Task failed with exception
Traceback (most recent call last):
  File "/home/airflow/.local/lib/python3.12/site-packages/airflow/models/taskinstance.py", line 768, in _execute_task
    result = _execute_callable(context=context, **execute_callable_kwargs)
             ^^^^^^^^^^^^^^^^^^^^^^^^^^^^^^^^^^^^^^^^^^^^^^^^^^^^^^^^^^^^^
  File "/home/airflow/.local/lib/python3.12/site-packages/airflow/models/taskinstance.py", line 734, in _execute_callable
    return ExecutionCallableRunner(
           ^^^^^^^^^^^^^^^^^^^^^^^^
  File "/home/airflow/.local/lib/python3.12/site-packages/airflow/utils/operator_helpers.py", line 252, in run
    return self.func(*args, **kwargs)
           ^^^^^^^^^^^^^^^^^^^^^^^^^^
  File "/home/airflow/.local/lib/python3.12/site-packages/airflow/models/baseoperator.py", line 424, in wrapper
    return func(self, *args, **kwargs)
           ^^^^^^^^^^^^^^^^^^^^^^^^^^^
  File "/home/airflow/.local/lib/python3.12/site-packages/airflow/decorators/base.py", line 266, in execute
    return_value = super().execute(context)
                   ^^^^^^^^^^^^^^^^^^^^^^^^
  File "/home/airflow/.local/lib/python3.12/site-packages/airflow/models/baseoperator.py", line 424, in wrapper
    return func(self, *args, **kwargs)
           ^^^^^^^^^^^^^^^^^^^^^^^^^^^
  File "/home/airflow/.local/lib/python3.12/site-packages/airflow/operators/python.py", line 238, in execute
    return_value = self.execute_callable()
                   ^^^^^^^^^^^^^^^^^^^^^^^
  File "/home/airflow/.local/lib/python3.12/site-packages/airflow/operators/python.py", line 256, in execute_callable
    return runner.run(*self.op_args, **self.op_kwargs)
           ^^^^^^^^^^^^^^^^^^^^^^^^^^^^^^^^^^^^^^^^^^^
  File "/home/airflow/.local/lib/python3.12/site-packages/airflow/utils/operator_helpers.py", line 252, in run
    return self.func(*args, **kwargs)
           ^^^^^^^^^^^^^^^^^^^^^^^^^^
  File "/opt/airflow/dags/tasks/img_preprocess_task.py", line 63, in img_preprocess_task
    input = type_convert_util.convert_type(output,before_output_type,function_info["input_type"],params=convert_param)
            ^^^^^^^^^^^^^^^^^^^^^^^^^^^^^^^^^^^^^^^^^^^^^^^^^^^^^^^^^^^^^^^^^^^^^^^^^^^^^^^^^^^^^^^^^^^^^^^^^^^^^^^^^^
  File "/opt/airflow/dags/utils/type_convert_util.py", line 24, in convert_type
    return _call_with_compatible_args(func_info, data, params)
           ^^^^^^^^^^^^^^^^^^^^^^^^^^^^^^^^^^^^^^^^^^^^^^^^^^^
  File "/opt/airflow/dags/utils/type_convert_util.py", line 193, in _call_with_compatible_args
    return f(data, **call_args)
           ^^^^^^^^^^^^^^^^^^^^
  File "/opt/airflow/dags/utils/type_convert_util.py", line 101, in np_gray_to_file
    return _np_to_file(_img, file_path)
           ^^^^^^^^^^^^^^^^^^^^^^^^^^^^
  File "/opt/airflow/dags/utils/type_convert_util.py", line 154, in _np_to_file
    status = cv2.imwrite(file_path, _img)
             ^^^^^^^^^^^^^^^^^^^^^^^^^^^^
cv2.error: OpenCV(4.11.0) /io/opencv/modules/imgcodecs/src/loadsave.cpp:929: error: (-215:Assertion failed) !_img.empty() in function 'imwrite'

[2025-06-18T11:36:55.542+0900] {taskinstance.py:1226} INFO - Marking task as FAILED. dag_id=image_preprocess_v1, task_id=img_preprocess_task, run_id=manual__2025-06-18T02:35:51.834941+00:00, map_index=0, execution_date=20250618T023551, start_date=20250618T023557, end_date=20250618T023655
[2025-06-18T11:36:55.567+0900] {taskinstance.py:341} INFO - ::group::Post task execution logs
[2025-06-18T11:36:55.568+0900] {standard_task_runner.py:124} ERROR - Failed to execute job 988 for task img_preprocess_task (OpenCV(4.11.0) /io/opencv/modules/imgcodecs/src/loadsave.cpp:929: error: (-215:Assertion failed) !_img.empty() in function 'imwrite'
; 24244)
Traceback (most recent call last):
  File "/home/airflow/.local/lib/python3.12/site-packages/airflow/task/task_runner/standard_task_runner.py", line 117, in _start_by_fork
    ret = args.func(args, dag=self.dag)
          ^^^^^^^^^^^^^^^^^^^^^^^^^^^^^
  File "/home/airflow/.local/lib/python3.12/site-packages/airflow/cli/cli_config.py", line 49, in command
    return func(*args, **kwargs)
           ^^^^^^^^^^^^^^^^^^^^^
  File "/home/airflow/.local/lib/python3.12/site-packages/airflow/utils/cli.py", line 116, in wrapper
    return f(*args, **kwargs)
           ^^^^^^^^^^^^^^^^^^
  File "/home/airflow/.local/lib/python3.12/site-packages/airflow/cli/commands/task_command.py", line 483, in task_run
    task_return_code = _run_task_by_selected_method(args, _dag, ti)
                       ^^^^^^^^^^^^^^^^^^^^^^^^^^^^^^^^^^^^^^^^^^^^
  File "/home/airflow/.local/lib/python3.12/site-packages/airflow/cli/commands/task_command.py", line 256, in _run_task_by_selected_method
    return _run_raw_task(args, ti)
           ^^^^^^^^^^^^^^^^^^^^^^^
  File "/home/airflow/.local/lib/python3.12/site-packages/airflow/cli/commands/task_command.py", line 341, in _run_raw_task
    return ti._run_raw_task(
           ^^^^^^^^^^^^^^^^^
  File "/home/airflow/.local/lib/python3.12/site-packages/airflow/utils/session.py", line 97, in wrapper
    return func(*args, session=session, **kwargs)
           ^^^^^^^^^^^^^^^^^^^^^^^^^^^^^^^^^^^^^^
  File "/home/airflow/.local/lib/python3.12/site-packages/airflow/models/taskinstance.py", line 3006, in _run_raw_task
    return _run_raw_task(
           ^^^^^^^^^^^^^^
  File "/home/airflow/.local/lib/python3.12/site-packages/airflow/models/taskinstance.py", line 274, in _run_raw_task
    TaskInstance._execute_task_with_callbacks(
  File "/home/airflow/.local/lib/python3.12/site-packages/airflow/models/taskinstance.py", line 3161, in _execute_task_with_callbacks
    result = self._execute_task(context, task_orig)
             ^^^^^^^^^^^^^^^^^^^^^^^^^^^^^^^^^^^^^^
  File "/home/airflow/.local/lib/python3.12/site-packages/airflow/models/taskinstance.py", line 3185, in _execute_task
    return _execute_task(self, context, task_orig)
           ^^^^^^^^^^^^^^^^^^^^^^^^^^^^^^^^^^^^^^^
  File "/home/airflow/.local/lib/python3.12/site-packages/airflow/models/taskinstance.py", line 768, in _execute_task
    result = _execute_callable(context=context, **execute_callable_kwargs)
             ^^^^^^^^^^^^^^^^^^^^^^^^^^^^^^^^^^^^^^^^^^^^^^^^^^^^^^^^^^^^^
  File "/home/airflow/.local/lib/python3.12/site-packages/airflow/models/taskinstance.py", line 734, in _execute_callable
    return ExecutionCallableRunner(
           ^^^^^^^^^^^^^^^^^^^^^^^^
  File "/home/airflow/.local/lib/python3.12/site-packages/airflow/utils/operator_helpers.py", line 252, in run
    return self.func(*args, **kwargs)
           ^^^^^^^^^^^^^^^^^^^^^^^^^^
  File "/home/airflow/.local/lib/python3.12/site-packages/airflow/models/baseoperator.py", line 424, in wrapper
    return func(self, *args, **kwargs)
           ^^^^^^^^^^^^^^^^^^^^^^^^^^^
  File "/home/airflow/.local/lib/python3.12/site-packages/airflow/decorators/base.py", line 266, in execute
    return_value = super().execute(context)
                   ^^^^^^^^^^^^^^^^^^^^^^^^
  File "/home/airflow/.local/lib/python3.12/site-packages/airflow/models/baseoperator.py", line 424, in wrapper
    return func(self, *args, **kwargs)
           ^^^^^^^^^^^^^^^^^^^^^^^^^^^
  File "/home/airflow/.local/lib/python3.12/site-packages/airflow/operators/python.py", line 238, in execute
    return_value = self.execute_callable()
                   ^^^^^^^^^^^^^^^^^^^^^^^
  File "/home/airflow/.local/lib/python3.12/site-packages/airflow/operators/python.py", line 256, in execute_callable
    return runner.run(*self.op_args, **self.op_kwargs)
           ^^^^^^^^^^^^^^^^^^^^^^^^^^^^^^^^^^^^^^^^^^^
  File "/home/airflow/.local/lib/python3.12/site-packages/airflow/utils/operator_helpers.py", line 252, in run
    return self.func(*args, **kwargs)
           ^^^^^^^^^^^^^^^^^^^^^^^^^^
  File "/opt/airflow/dags/tasks/img_preprocess_task.py", line 63, in img_preprocess_task
    input = type_convert_util.convert_type(output,before_output_type,function_info["input_type"],params=convert_param)
            ^^^^^^^^^^^^^^^^^^^^^^^^^^^^^^^^^^^^^^^^^^^^^^^^^^^^^^^^^^^^^^^^^^^^^^^^^^^^^^^^^^^^^^^^^^^^^^^^^^^^^^^^^^
  File "/opt/airflow/dags/utils/type_convert_util.py", line 24, in convert_type
    return _call_with_compatible_args(func_info, data, params)
           ^^^^^^^^^^^^^^^^^^^^^^^^^^^^^^^^^^^^^^^^^^^^^^^^^^^
  File "/opt/airflow/dags/utils/type_convert_util.py", line 193, in _call_with_compatible_args
    return f(data, **call_args)
           ^^^^^^^^^^^^^^^^^^^^
  File "/opt/airflow/dags/utils/type_convert_util.py", line 101, in np_gray_to_file
    return _np_to_file(_img, file_path)
           ^^^^^^^^^^^^^^^^^^^^^^^^^^^^
  File "/opt/airflow/dags/utils/type_convert_util.py", line 154, in _np_to_file
    status = cv2.imwrite(file_path, _img)
             ^^^^^^^^^^^^^^^^^^^^^^^^^^^^
cv2.error: OpenCV(4.11.0) /io/opencv/modules/imgcodecs/src/loadsave.cpp:929: error: (-215:Assertion failed) !_img.empty() in function 'imwrite'

[2025-06-18T11:36:55.617+0900] {local_task_job_runner.py:266} INFO - Task exited with return code 1
[2025-06-18T11:36:55.640+0900] {taskinstance.py:3901} INFO - 0 downstream tasks scheduled from follow-on schedule check
[2025-06-18T11:36:55.645+0900] {local_task_job_runner.py:245} INFO - ::endgroup::
