[2025-06-09T06:00:32.270+0000] {local_task_job_runner.py:123} INFO - ::group::Pre task execution logs
[2025-06-09T06:00:32.294+0000] {taskinstance.py:2614} INFO - Dependencies all met for dep_context=non-requeueable deps ti=<TaskInstance: image_ocr_v2.img_preprocess_task manual__2025-06-09T06:00:25.212165+00:00 map_index=2 [queued]>
[2025-06-09T06:00:32.307+0000] {taskinstance.py:2614} INFO - Dependencies all met for dep_context=requeueable deps ti=<TaskInstance: image_ocr_v2.img_preprocess_task manual__2025-06-09T06:00:25.212165+00:00 map_index=2 [queued]>
[2025-06-09T06:00:32.307+0000] {taskinstance.py:2867} INFO - Starting attempt 1 of 1
[2025-06-09T06:00:32.323+0000] {taskinstance.py:2890} INFO - Executing <Mapped(_PythonDecoratedOperator): img_preprocess_task> on 2025-06-09 06:00:25.212165+00:00
[2025-06-09T06:00:32.329+0000] {warnings.py:112} WARNING - /home/***/.local/lib/python3.12/site-packages/***/task/task_runner/standard_task_runner.py:70: DeprecationWarning: This process (pid=3493) is multi-threaded, use of fork() may lead to deadlocks in the child.
  pid = os.fork()

[2025-06-09T06:00:32.331+0000] {standard_task_runner.py:72} INFO - Started process 3501 to run task
[2025-06-09T06:00:32.331+0000] {standard_task_runner.py:104} INFO - Running: ['***', 'tasks', 'run', 'image_ocr_v2', 'img_preprocess_task', 'manual__2025-06-09T06:00:25.212165+00:00', '--job-id', '104', '--raw', '--subdir', 'DAGS_FOLDER/test_dag.py', '--cfg-path', '/tmp/tmp9q9uqhe7', '--map-index', '2']
[2025-06-09T06:00:32.333+0000] {standard_task_runner.py:105} INFO - Job 104: Subtask img_preprocess_task
[2025-06-09T06:00:32.382+0000] {task_command.py:467} INFO - Running <TaskInstance: image_ocr_v2.img_preprocess_task manual__2025-06-09T06:00:25.212165+00:00 map_index=2 [running]> on host 85194d6fbd18
[2025-06-09T06:00:32.480+0000] {taskinstance.py:3134} INFO - Exporting env vars: AIRFLOW_CTX_DAG_OWNER='***' AIRFLOW_CTX_DAG_ID='image_ocr_v2' AIRFLOW_CTX_TASK_ID='img_preprocess_task' AIRFLOW_CTX_EXECUTION_DATE='2025-06-09T06:00:25.212165+00:00' AIRFLOW_CTX_TRY_NUMBER='1' AIRFLOW_CTX_DAG_RUN_ID='manual__2025-06-09T06:00:25.212165+00:00'
[2025-06-09T06:00:32.482+0000] {taskinstance.py:732} INFO - ::endgroup::
[2025-06-09T06:00:32.485+0000] {logging_mixin.py:190} INFO - empty map check {} {'process_id': '9d15a67f-3d59-4019-9462-9eddddcd92ab', 'folder_path': '08a90f37-1c45-4b21-bea4-efea8d10a73e/9d15a67f-3d59-4019-9462-9eddddcd92ab', 'step_list': [{'name': 'gray1', 'param': {}}, {'name': 'cache', 'param': {'key': 'gray1'}}, {'name': 'binary2', 'param': {}}, {'name': 'canny', 'param': {}}, {'name': 'save', 'param': {'key': 'before_angle1'}}, {'name': 'calc_angle1', 'param': {'key': 'angle1'}}, {'name': 'load', 'param': {'key': 'gray1'}}, {'name': 'rotate', 'param': {'key': 'angle1'}}, {'name': 'cache', 'param': {'key': 'rotate1'}}, {'name': 'save', 'param': {'key': 'rotate1'}}, {'name': 'binary2', 'param': {}}, {'name': 'calc_angle2', 'param': {'key': 'angle2'}}, {'name': 'load', 'param': {'key': 'rotate1'}}, {'name': 'rotate', 'param': {'key': 'angle2'}}, {'name': 'save', 'param': {'key': 'rotate2'}}, {'name': 'scale1', 'param': {'width': 500, 'height': 500}}, {'name': 'binary2', 'param': {}}, {'name': 'morphology1', 'param': {}}, {'name': 'save', 'param': {'key': 'classify_preprocess'}}], 'result_file_list': []}
[2025-06-09T06:00:32.485+0000] {logging_mixin.py:190} INFO - step : gray1
[2025-06-09T06:00:32.515+0000] {logging_mixin.py:190} INFO - step : cache
[2025-06-09T06:00:32.662+0000] {logging_mixin.py:190} INFO - step : binary2
[2025-06-09T06:00:32.693+0000] {logging_mixin.py:190} INFO - step : canny
[2025-06-09T06:00:32.704+0000] {logging_mixin.py:190} INFO - step : save
[2025-06-09T06:00:32.752+0000] {logging_mixin.py:190} INFO - file_copy: /opt/***/data/temp/b4e29580-5cb1-4958-bce3-bf9d0a644a42.png /opt/***/data/result/08a90f37-1c45-4b21-bea4-efea8d10a73e/9d15a67f-3d59-4019-9462-9eddddcd92ab/before_angle1.png
[2025-06-09T06:00:32.760+0000] {logging_mixin.py:190} INFO - step : calc_angle1
[2025-06-09T06:00:32.786+0000] {taskinstance.py:3313} ERROR - Task failed with exception
Traceback (most recent call last):
  File "/home/airflow/.local/lib/python3.12/site-packages/airflow/models/taskinstance.py", line 768, in _execute_task
    result = _execute_callable(context=context, **execute_callable_kwargs)
             ^^^^^^^^^^^^^^^^^^^^^^^^^^^^^^^^^^^^^^^^^^^^^^^^^^^^^^^^^^^^^
  File "/home/airflow/.local/lib/python3.12/site-packages/airflow/models/taskinstance.py", line 734, in _execute_callable
    return ExecutionCallableRunner(
           ^^^^^^^^^^^^^^^^^^^^^^^^
  File "/home/airflow/.local/lib/python3.12/site-packages/airflow/utils/operator_helpers.py", line 252, in run
    return self.func(*args, **kwargs)
           ^^^^^^^^^^^^^^^^^^^^^^^^^^
  File "/home/airflow/.local/lib/python3.12/site-packages/airflow/models/baseoperator.py", line 424, in wrapper
    return func(self, *args, **kwargs)
           ^^^^^^^^^^^^^^^^^^^^^^^^^^^
  File "/home/airflow/.local/lib/python3.12/site-packages/airflow/decorators/base.py", line 266, in execute
    return_value = super().execute(context)
                   ^^^^^^^^^^^^^^^^^^^^^^^^
  File "/home/airflow/.local/lib/python3.12/site-packages/airflow/models/baseoperator.py", line 424, in wrapper
    return func(self, *args, **kwargs)
           ^^^^^^^^^^^^^^^^^^^^^^^^^^^
  File "/home/airflow/.local/lib/python3.12/site-packages/airflow/operators/python.py", line 238, in execute
    return_value = self.execute_callable()
                   ^^^^^^^^^^^^^^^^^^^^^^^
  File "/home/airflow/.local/lib/python3.12/site-packages/airflow/operators/python.py", line 256, in execute_callable
    return runner.run(*self.op_args, **self.op_kwargs)
           ^^^^^^^^^^^^^^^^^^^^^^^^^^^^^^^^^^^^^^^^^^^
  File "/home/airflow/.local/lib/python3.12/site-packages/airflow/utils/operator_helpers.py", line 252, in run
    return self.func(*args, **kwargs)
           ^^^^^^^^^^^^^^^^^^^^^^^^^^
  File "/opt/airflow/dags/tasks/img_preprocess_task.py", line 54, in img_preprocess_task
    output = function_info["function"](input,**stepinfo["param"],context=context)
             ^^^^^^^^^^^^^^^^^^^^^^^^^^^^^^^^^^^^^^^^^^^^^^^^^^^^^^^^^^^^^^^^^^^^
  File "/opt/airflow/dags/tasks/img_preprocess_task.py", line 221, in calc_angle1
    lines = cv2.HoughLinesP(img_np_bgr, 1, np.pi/180, threshold=100, minLineLength=min_line_length, maxLineGap=10)
            ^^^^^^^^^^^^^^^^^^^^^^^^^^^^^^^^^^^^^^^^^^^^^^^^^^^^^^^^^^^^^^^^^^^^^^^^^^^^^^^^^^^^^^^^^^^^^^^^^^^^^^
cv2.error: OpenCV(4.11.0) /io/opencv/modules/imgproc/src/hough.cpp:499: error: (-215:Assertion failed) image.type() == CV_8UC1 in function 'HoughLinesProbabilistic'

[2025-06-09T06:00:32.797+0000] {taskinstance.py:1226} INFO - Marking task as FAILED. dag_id=image_ocr_v2, task_id=img_preprocess_task, run_id=manual__2025-06-09T06:00:25.212165+00:00, map_index=2, execution_date=20250609T060025, start_date=20250609T060032, end_date=20250609T060032
[2025-06-09T06:00:32.823+0000] {taskinstance.py:341} INFO - ::group::Post task execution logs
[2025-06-09T06:00:32.824+0000] {standard_task_runner.py:124} ERROR - Failed to execute job 104 for task img_preprocess_task (OpenCV(4.11.0) /io/opencv/modules/imgproc/src/hough.cpp:499: error: (-215:Assertion failed) image.type() == CV_8UC1 in function 'HoughLinesProbabilistic'
; 3501)
Traceback (most recent call last):
  File "/home/airflow/.local/lib/python3.12/site-packages/airflow/task/task_runner/standard_task_runner.py", line 117, in _start_by_fork
    ret = args.func(args, dag=self.dag)
          ^^^^^^^^^^^^^^^^^^^^^^^^^^^^^
  File "/home/airflow/.local/lib/python3.12/site-packages/airflow/cli/cli_config.py", line 49, in command
    return func(*args, **kwargs)
           ^^^^^^^^^^^^^^^^^^^^^
  File "/home/airflow/.local/lib/python3.12/site-packages/airflow/utils/cli.py", line 116, in wrapper
    return f(*args, **kwargs)
           ^^^^^^^^^^^^^^^^^^
  File "/home/airflow/.local/lib/python3.12/site-packages/airflow/cli/commands/task_command.py", line 483, in task_run
    task_return_code = _run_task_by_selected_method(args, _dag, ti)
                       ^^^^^^^^^^^^^^^^^^^^^^^^^^^^^^^^^^^^^^^^^^^^
  File "/home/airflow/.local/lib/python3.12/site-packages/airflow/cli/commands/task_command.py", line 256, in _run_task_by_selected_method
    return _run_raw_task(args, ti)
           ^^^^^^^^^^^^^^^^^^^^^^^
  File "/home/airflow/.local/lib/python3.12/site-packages/airflow/cli/commands/task_command.py", line 341, in _run_raw_task
    return ti._run_raw_task(
           ^^^^^^^^^^^^^^^^^
  File "/home/airflow/.local/lib/python3.12/site-packages/airflow/utils/session.py", line 97, in wrapper
    return func(*args, session=session, **kwargs)
           ^^^^^^^^^^^^^^^^^^^^^^^^^^^^^^^^^^^^^^
  File "/home/airflow/.local/lib/python3.12/site-packages/airflow/models/taskinstance.py", line 3006, in _run_raw_task
    return _run_raw_task(
           ^^^^^^^^^^^^^^
  File "/home/airflow/.local/lib/python3.12/site-packages/airflow/models/taskinstance.py", line 274, in _run_raw_task
    TaskInstance._execute_task_with_callbacks(
  File "/home/airflow/.local/lib/python3.12/site-packages/airflow/models/taskinstance.py", line 3161, in _execute_task_with_callbacks
    result = self._execute_task(context, task_orig)
             ^^^^^^^^^^^^^^^^^^^^^^^^^^^^^^^^^^^^^^
  File "/home/airflow/.local/lib/python3.12/site-packages/airflow/models/taskinstance.py", line 3185, in _execute_task
    return _execute_task(self, context, task_orig)
           ^^^^^^^^^^^^^^^^^^^^^^^^^^^^^^^^^^^^^^^
  File "/home/airflow/.local/lib/python3.12/site-packages/airflow/models/taskinstance.py", line 768, in _execute_task
    result = _execute_callable(context=context, **execute_callable_kwargs)
             ^^^^^^^^^^^^^^^^^^^^^^^^^^^^^^^^^^^^^^^^^^^^^^^^^^^^^^^^^^^^^
  File "/home/airflow/.local/lib/python3.12/site-packages/airflow/models/taskinstance.py", line 734, in _execute_callable
    return ExecutionCallableRunner(
           ^^^^^^^^^^^^^^^^^^^^^^^^
  File "/home/airflow/.local/lib/python3.12/site-packages/airflow/utils/operator_helpers.py", line 252, in run
    return self.func(*args, **kwargs)
           ^^^^^^^^^^^^^^^^^^^^^^^^^^
  File "/home/airflow/.local/lib/python3.12/site-packages/airflow/models/baseoperator.py", line 424, in wrapper
    return func(self, *args, **kwargs)
           ^^^^^^^^^^^^^^^^^^^^^^^^^^^
  File "/home/airflow/.local/lib/python3.12/site-packages/airflow/decorators/base.py", line 266, in execute
    return_value = super().execute(context)
                   ^^^^^^^^^^^^^^^^^^^^^^^^
  File "/home/airflow/.local/lib/python3.12/site-packages/airflow/models/baseoperator.py", line 424, in wrapper
    return func(self, *args, **kwargs)
           ^^^^^^^^^^^^^^^^^^^^^^^^^^^
  File "/home/airflow/.local/lib/python3.12/site-packages/airflow/operators/python.py", line 238, in execute
    return_value = self.execute_callable()
                   ^^^^^^^^^^^^^^^^^^^^^^^
  File "/home/airflow/.local/lib/python3.12/site-packages/airflow/operators/python.py", line 256, in execute_callable
    return runner.run(*self.op_args, **self.op_kwargs)
           ^^^^^^^^^^^^^^^^^^^^^^^^^^^^^^^^^^^^^^^^^^^
  File "/home/airflow/.local/lib/python3.12/site-packages/airflow/utils/operator_helpers.py", line 252, in run
    return self.func(*args, **kwargs)
           ^^^^^^^^^^^^^^^^^^^^^^^^^^
  File "/opt/airflow/dags/tasks/img_preprocess_task.py", line 54, in img_preprocess_task
    output = function_info["function"](input,**stepinfo["param"],context=context)
             ^^^^^^^^^^^^^^^^^^^^^^^^^^^^^^^^^^^^^^^^^^^^^^^^^^^^^^^^^^^^^^^^^^^^
  File "/opt/airflow/dags/tasks/img_preprocess_task.py", line 221, in calc_angle1
    lines = cv2.HoughLinesP(img_np_bgr, 1, np.pi/180, threshold=100, minLineLength=min_line_length, maxLineGap=10)
            ^^^^^^^^^^^^^^^^^^^^^^^^^^^^^^^^^^^^^^^^^^^^^^^^^^^^^^^^^^^^^^^^^^^^^^^^^^^^^^^^^^^^^^^^^^^^^^^^^^^^^^
cv2.error: OpenCV(4.11.0) /io/opencv/modules/imgproc/src/hough.cpp:499: error: (-215:Assertion failed) image.type() == CV_8UC1 in function 'HoughLinesProbabilistic'

[2025-06-09T06:00:32.842+0000] {local_task_job_runner.py:266} INFO - Task exited with return code 1
[2025-06-09T06:00:32.854+0000] {taskinstance.py:3901} INFO - 0 downstream tasks scheduled from follow-on schedule check
[2025-06-09T06:00:32.856+0000] {local_task_job_runner.py:245} INFO - ::endgroup::
